#
# A fatal error has been detected by the Java Runtime Environment:
#
#  EXCEPTION_ACCESS_VIOLATION (0xc0000005) at pc=0x00007ffa1ac77c8c, pid=9712, tid=5876
#
# JRE version: Java(TM) SE Runtime Environment (17.0.5+9) (build 17.0.5+9-LTS-191)
# Java VM: Java HotSpot(TM) 64-Bit Server VM (17.0.5+9-LTS-191, mixed mode, sharing, tiered, compressed oops, compressed class ptrs, g1 gc, windows-amd64)
# Problematic frame:
# V  [jvm.dll+0x1e7c8c]
#
# No core dump will be written. Minidumps are not enabled by default on client versions of Windows
#
# If you would like to submit a bug report, please visit:
#   https://bugreport.java.com/bugreport/crash.jsp
#

---------------  S U M M A R Y ------------

Command Line: -XX:MaxMetaspaceSize=512m --add-opens=java.base/java.util=ALL-UNNAMED --add-opens=java.base/java.lang=ALL-UNNAMED --add-opens=java.base/java.lang.invoke=ALL-UNNAMED --add-opens=java.prefs/java.util.prefs=ALL-UNNAMED --add-opens=java.base/java.nio.charset=ALL-UNNAMED --add-opens=java.base/java.net=ALL-UNNAMED --add-opens=java.base/java.util.concurrent.atomic=ALL-UNNAMED -Xmx2048m -Dfile.encoding=windows-1258 -Duser.country=US -Duser.language=en -Duser.variant -javaagent:C:\Users\THANH NHUT\.gradle\wrapper\dists\gradle-8.6-all\3mbtmo166bl6vumsh5k2lkq5h\gradle-8.6\lib\agents\gradle-instrumentation-agent-8.6.jar org.gradle.launcher.daemon.bootstrap.GradleDaemon 8.6

Host: AMD Ryzen 7 5700U with Radeon Graphics         , 16 cores, 15G,  Windows 11 , 64 bit Build 22621 (10.0.22621.3527)
Time: Wed May 22 23:49:20 2024 SE Asia Standard Time elapsed time: 36.076043 seconds (0d 0h 0m 36s)

---------------  T H R E A D  ---------------

Current thread (0x00000294504ba1d0):  JavaThread "Execution worker" [_thread_in_vm, id=5876, stack(0x000000a721700000,0x000000a721800000)]

Stack: [0x000000a721700000,0x000000a721800000],  sp=0x000000a7217fbde0,  free space=1007k
Native frames: (J=compiled Java code, j=interpreted, Vv=VM code, C=native code)
V  [jvm.dll+0x1e7c8c]
V  [jvm.dll+0x1e83b5]
V  [jvm.dll+0x1e8def]
V  [jvm.dll+0x1de2a1]
V  [jvm.dll+0x5393e0]
V  [jvm.dll+0x74d4f8]
V  [jvm.dll+0x74d5e4]
V  [jvm.dll+0x408fe5]
V  [jvm.dll+0x40f038]
C  [java.dll+0x17ec]

Java frames: (J=compiled Java code, j=interpreted, Vv=VM code)
J 872  java.lang.ClassLoader.defineClass1(Ljava/lang/ClassLoader;Ljava/lang/String;[BIILjava/security/ProtectionDomain;Ljava/lang/String;)Ljava/lang/Class; java.base@17.0.5 (0 bytes) @ 0x000002943c842463 [0x000002943c8423a0+0x00000000000000c3]
J 4580 c1 java.lang.ClassLoader.defineClass(Ljava/lang/String;[BIILjava/security/ProtectionDomain;)Ljava/lang/Class; java.base@17.0.5 (43 bytes) @ 0x0000029435d32d54 [0x0000029435d32a00+0x0000000000000354]
J 6667 c1 java.security.SecureClassLoader.defineClass(Ljava/lang/String;[BIILjava/security/CodeSource;)Ljava/lang/Class; java.base@17.0.5 (16 bytes) @ 0x0000029435f4ba8c [0x0000029435f4b9c0+0x00000000000000cc]
J 6625 c2 java.net.URLClassLoader.findClass(Ljava/lang/String;)Ljava/lang/Class; java.base@17.0.5 (47 bytes) @ 0x000002943cb308e4 [0x000002943cb2e600+0x00000000000022e4]
J 5033 c2 java.lang.ClassLoader.loadClass(Ljava/lang/String;Z)Ljava/lang/Class; java.base@17.0.5 (121 bytes) @ 0x000002943c8405bc [0x000002943c8402e0+0x00000000000002dc]
J 3917 c2 java.lang.ClassLoader.loadClass(Ljava/lang/String;)Ljava/lang/Class; java.base@17.0.5 (7 bytes) @ 0x000002943ca2dbc0 [0x000002943ca2db80+0x0000000000000040]
v  ~StubRoutines::call_stub
j  org.gradle.execution.ProjectExecutionServices.createExecutionModeResolver(Lorg/gradle/StartParameter;)Lorg/gradle/api/internal/changedetection/TaskExecutionModeResolver;+0
v  ~StubRoutines::call_stub
J 2788  jdk.internal.reflect.NativeMethodAccessorImpl.invoke0(Ljava/lang/reflect/Method;Ljava/lang/Object;[Ljava/lang/Object;)Ljava/lang/Object; java.base@17.0.5 (0 bytes) @ 0x000002943c94e627 [0x000002943c94e5a0+0x0000000000000087]
J 2787 c1 jdk.internal.reflect.NativeMethodAccessorImpl.invoke(Ljava/lang/Object;[Ljava/lang/Object;)Ljava/lang/Object; java.base@17.0.5 (137 bytes) @ 0x00000294359652bc [0x00000294359648e0+0x00000000000009dc]
J 2081 c1 jdk.internal.reflect.DelegatingMethodAccessorImpl.invoke(Ljava/lang/Object;[Ljava/lang/Object;)Ljava/lang/Object; java.base@17.0.5 (10 bytes) @ 0x00000294357c6f44 [0x00000294357c6e40+0x0000000000000104]
J 4114 c1 org.gradle.internal.reflect.JavaMethod.invoke(Ljava/lang/Object;[Ljava/lang/Object;)Ljava/lang/Object; (74 bytes) @ 0x0000029435c107ac [0x0000029435c10400+0x00000000000003ac]
J 4113 c1 org.gradle.internal.service.ReflectionBasedServiceMethod.invoke(Ljava/lang/Object;[Ljava/lang/Object;)Ljava/lang/Object; (16 bytes) @ 0x0000029435c0e3cc [0x0000029435c0e340+0x000000000000008c]
J 2976 c1 org.gradle.internal.service.DefaultServiceRegistry$FactoryMethodService.invokeMethod([Ljava/lang/Object;)Ljava/lang/Object; (151 bytes) @ 0x00000294359dbc3c [0x00000294359dbb20+0x000000000000011c]
J 5614 c2 org.gradle.internal.service.DefaultServiceRegistry$SingletonService.get()Ljava/lang/Object; (5 bytes) @ 0x000002943c924410 [0x000002943c9242e0+0x0000000000000130]
J 2793 c1 org.gradle.internal.service.DefaultServiceRegistry$FactoryService.assembleParameters()[Ljava/lang/Object; (58 bytes) @ 0x0000029435968ebc [0x0000029435968c80+0x000000000000023c]
J 5614 c2 org.gradle.internal.service.DefaultServiceRegistry$SingletonService.get()Ljava/lang/Object; (5 bytes) @ 0x000002943c924404 [0x000002943c9242e0+0x0000000000000124]
J 5223 c1 org.gradle.internal.service.DefaultServiceRegistry.get(Ljava/lang/reflect/Type;)Ljava/lang/Object; (44 bytes) @ 0x00000294358a402c [0x00000294358a3d20+0x000000000000030c]
J 5266 c1 org.gradle.internal.service.DefaultServiceRegistry.get(Ljava/lang/Class;)Ljava/lang/Object; (10 bytes) @ 0x0000029435af5664 [0x0000029435af5560+0x0000000000000104]
j  org.gradle.execution.ProjectExecutionServiceRegistry$DefaultNodeExecutionContext.getService(Ljava/lang/Class;)Ljava/lang/Object;+5
j  org.gradle.execution.plan.LocalTaskNodeExecutor.execute(Lorg/gradle/execution/plan/Node;Lorg/gradle/api/internal/tasks/NodeExecutionContext;)Z+69
j  org.gradle.execution.taskgraph.DefaultTaskExecutionGraph$InvokeNodeExecutorsAction.execute(Lorg/gradle/execution/plan/Node;)V+46
j  org.gradle.execution.taskgraph.DefaultTaskExecutionGraph$InvokeNodeExecutorsAction.execute(Ljava/lang/Object;)V+5
j  org.gradle.execution.taskgraph.DefaultTaskExecutionGraph$BuildOperationAwareExecutionAction.lambda$execute$0(Lorg/gradle/execution/plan/Node;)V+5
j  org.gradle.execution.taskgraph.DefaultTaskExecutionGraph$BuildOperationAwareExecutionAction$$Lambda$1585+0x0000000801584190.run()V+8
j  org.gradle.internal.operations.CurrentBuildOperationRef.with(Lorg/gradle/internal/operations/BuildOperationRef;Ljava/lang/Runnable;)V+11
j  org.gradle.execution.taskgraph.DefaultTaskExecutionGraph$BuildOperationAwareExecutionAction.execute(Lorg/gradle/execution/plan/Node;)V+14
j  org.gradle.execution.taskgraph.DefaultTaskExecutionGraph$BuildOperationAwareExecutionAction.execute(Ljava/lang/Object;)V+5
j  org.gradle.execution.plan.DefaultPlanExecutor$ExecutorWorker.execute(Ljava/lang/Object;Lorg/gradle/execution/plan/WorkSource;Lorg/gradle/api/Action;)V+14
j  org.gradle.execution.plan.DefaultPlanExecutor$ExecutorWorker.run()V+75
J 6217 c1 org.gradle.internal.concurrent.ExecutorPolicy$CatchAndRecordFailures.onExecute(Ljava/lang/Runnable;)V (29 bytes) @ 0x0000029435e4697c [0x0000029435e46860+0x000000000000011c]
j  org.gradle.internal.concurrent.AbstractManagedExecutor$1.run()V+25
j  java.util.concurrent.ThreadPoolExecutor.runWorker(Ljava/util/concurrent/ThreadPoolExecutor$Worker;)V+92 java.base@17.0.5
j  java.util.concurrent.ThreadPoolExecutor$Worker.run()V+5 java.base@17.0.5
j  java.lang.Thread.run()V+11 java.base@17.0.5
v  ~StubRoutines::call_stub

siginfo: EXCEPTION_ACCESS_VIOLATION (0xc0000005), writing address 0x000000a742ff8790


Register to memory mapping:

RIP=0x00007ffa1ac77c8c jvm.dll
RAX=0x000000a7217fc3c8 is pointing into the stack for thread: 0x00000294504ba1d0
RBX=0x00000294504ba1d0 is a thread
RCX=0x00000000217fc3c8 is an unknown value
RDX=0x0000000000000001 is an unknown value
RSP=0x000000a7217fbde0 is pointing into the stack for thread: 0x00000294504ba1d0
RBP=0x000000a7217fbee0 is pointing into the stack for thread: 0x00000294504ba1d0
RSI=0x000002944fb4a080 points into unknown readable memory: 0x000000a7217fc3c8 | c8 c3 7f 21 a7 00 00 00
RDI=0x000000000000006b is an unknown value
R8 =0x0000000000000028 is an unknown value
R9 =0x00000000000000cd is an unknown value
R10=0x00000294574953a8 is pointing into metadata
R11=0x000000a7217fbda0 is pointing into the stack for thread: 0x00000294504ba1d0
R12=0x0 is NULL
R13=0x000000a7217fc2f0 is pointing into the stack for thread: 0x00000294504ba1d0
R14=0x000000000000000f is an unknown value
R15=0x0 is NULL


Registers:
RAX=0x000000a7217fc3c8, RBX=0x00000294504ba1d0, RCX=0x00000000217fc3c8, RDX=0x0000000000000001
RSP=0x000000a7217fbde0, RBP=0x000000a7217fbee0, RSI=0x000002944fb4a080, RDI=0x000000000000006b
R8 =0x0000000000000028, R9 =0x00000000000000cd, R10=0x00000294574953a8, R11=0x000000a7217fbda0
R12=0x0000000000000000, R13=0x000000a7217fc2f0, R14=0x000000000000000f, R15=0x0000000000000000
RIP=0x00007ffa1ac77c8c, EFLAGS=0x0000000000010202

Top of Stack: (sp=0x000000a7217fbde0)
0x000000a7217fbde0:   00000294504ba1d0 000000000000006b
0x000000a7217fbdf0:   000000000000006b 000000a7217f0004
0x000000a7217fbe00:   000002940000000c 000002944e6e9e60
0x000000a7217fbe10:   000002944e6e9e01 00000294504b0003
0x000000a7217fbe20:   00000294504ba1d0 0000000801584f68
0x000000a7217fbe30:   0001000000010001 0000000100000004
0x000000a7217fbe40:   000000000000006b 002a002901000000
0x000000a7217fbe50:   00000004504b0003 0000000f00000001
0x000000a7217fbe60:   0000000000000002 0000000000000103
0x000000a7217fbe70:   0000000000000000 0000000000000000
0x000000a7217fbe80:   0000000000000000 000002944e6ea060
0x000000a7217fbe90:   000002944e6e9e60 000002944e6e9660
0x000000a7217fbea0:   000002944fb4a0a0 0000010000000003
0x000000a7217fbeb0:   000002940000000c 000002944ce74d94
0x000000a7217fbec0:   0000000000000000 0000000000000009
0x000000a7217fbed0:   0000000000000000 0000000000000000 

Instructions: (pc=0x00007ffa1ac77c8c)
0x00007ffa1ac77b8c:   ce 48 89 45 00 89 75 a4 e8 07 1f 00 00 e9 99 00
0x00007ffa1ac77b9c:   00 00 48 3b 0d ab 35 92 00 75 33 80 7c 24 55 00
0x00007ffa1ac77bac:   0f 85 d6 01 00 00 80 3d 09 40 90 00 00 c6 44 24
0x00007ffa1ac77bbc:   55 01 74 0b 49 8b 46 18 48 89 45 58 89 75 a0 4c
0x00007ffa1ac77bcc:   8b c3 8b d6 49 8b ce e8 c8 1e 00 00 eb 5d 41 80
0x00007ffa1ac77bdc:   7e 28 00 74 4f 49 8b 4e 10 49 2b 4e 18 8b c6 48
0x00007ffa1ac77bec:   3b c1 76 0b 48 8b d3 49 8b ce e8 85 2e 00 00 48
0x00007ffa1ac77bfc:   83 7b 08 00 eb 28 41 80 7e 28 00 74 27 49 8b 4e
0x00007ffa1ac77c0c:   10 49 2b 4e 18 8b c6 48 3b c1 76 0f 48 8b d3 49
0x00007ffa1ac77c1c:   8b ce e8 5d 2e 00 00 48 8b 53 08 48 85 d2 0f 85
0x00007ffa1ac77c2c:   15 f4 ff ff 48 63 c6 49 01 46 18 48 83 7b 08 00
0x00007ffa1ac77c3c:   0f 85 03 f4 ff ff 0f b7 4d 84 66 85 c9 0f 85 bb
0x00007ffa1ac77c4c:   f5 ff ff 48 8b 75 20 48 85 f6 0f 84 3b 01 00 00
0x00007ffa1ac77c5c:   8b 46 08 3b 46 10 7c 0b 48 8b ce e8 e4 e8 04 00
0x00007ffa1ac77c6c:   8b 46 08 44 0f b7 7c 24 64 8b 7c 24 60 44 0f b7
0x00007ffa1ac77c7c:   64 24 5a 0f b6 95 28 01 00 00 48 63 c8 48 8b 06
0x00007ffa1ac77c8c:   c6 04 01 00 ff 46 08 44 8b 76 08 44 89 74 24 7c
0x00007ffa1ac77c9c:   e9 17 01 00 00 4c 8b c3 48 8d 15 3d a6 6e 00 e9
0x00007ffa1ac77cac:   8d f3 ff ff 4c 8b c3 48 8d 15 5e a5 6e 00 e9 7e
0x00007ffa1ac77cbc:   f3 ff ff 4c 8b c3 48 8d 15 87 a6 6e 00 e9 72 f3
0x00007ffa1ac77ccc:   ff ff 4c 8b cb 48 8d 15 e8 a6 6e 00 44 8b c6 49
0x00007ffa1ac77cdc:   8b cd e8 7d 5f ff ff e9 5d f3 ff ff 4c 8b c3 48
0x00007ffa1ac77cec:   8d 15 8e a6 6e 00 e9 46 f3 ff ff 4c 8b cb 48 8d
0x00007ffa1ac77cfc:   15 07 a7 6e 00 44 8b c6 49 8b cd e8 54 5f ff ff
0x00007ffa1ac77d0c:   e9 34 f3 ff ff 4c 8b cb 48 8d 15 ad a7 6e 00 44
0x00007ffa1ac77d1c:   8b c6 e8 3d 5f ff ff e9 1d f3 ff ff 4c 8b c3 48
0x00007ffa1ac77d2c:   8d 15 56 a7 6e 00 e9 09 f3 ff ff 4c 8b c3 48 8d
0x00007ffa1ac77d3c:   15 bf a7 6e 00 e9 f7 f2 ff ff 4c 8b c3 48 8d 15
0x00007ffa1ac77d4c:   00 a8 6e 00 e9 e8 f2 ff ff 48 8d 15 44 a8 6e 00
0x00007ffa1ac77d5c:   e9 dc f2 ff ff 4c 8b c3 48 8d 15 95 a8 6e 00 e9
0x00007ffa1ac77d6c:   cd f2 ff ff 48 8d 15 e9 a8 6e 00 e9 c1 f2 ff ff
0x00007ffa1ac77d7c:   48 8d 15 2d a9 6e 00 e9 b5 f2 ff ff 4c 8b c3 48 


Stack slot to memory mapping:
stack at sp + 0 slots: 0x00000294504ba1d0 is a thread
stack at sp + 1 slots: 0x000000000000006b is an unknown value
stack at sp + 2 slots: 0x000000000000006b is an unknown value
stack at sp + 3 slots: 0x000000a7217f0004 is pointing into the stack for thread: 0x00000294504ba1d0
stack at sp + 4 slots: 0x000002940000000c is an unknown value
stack at sp + 5 slots: 0x000002944e6e9e60 points into unknown readable memory: 0xffffffffffff0001 | 01 00 ff ff ff ff ff ff
stack at sp + 6 slots: 0x000002944e6e9e01 points into unknown readable memory: ff ff ff ff ff ff ff
stack at sp + 7 slots: 0x00000294504b0003 points into unknown readable memory: 13 73 00 14 73


---------------  P R O C E S S  ---------------

Threads class SMR info:
_java_thread_list=0x00000294523b8df0, length=105, elements={
0x000002942d3ec310, 0x000002944c096720, 0x000002944c097240, 0x000002944cc46d10,
0x000002944cc478c0, 0x000002944cc4c390, 0x000002944cc4cd40, 0x000002944cc4da20,
0x000002944cc4e4c0, 0x000002944cc50ec0, 0x000002944c086520, 0x000002944cee92e0,
0x000002944e86fac0, 0x000002944e58bb80, 0x000002944db88920, 0x000002944ebb0a10,
0x000002944e5c1bf0, 0x000002944ebfa460, 0x000002944f643350, 0x000002944f643820,
0x000002944f643cf0, 0x000002944f646370, 0x000002944f6441c0, 0x000002944f645500,
0x000002944f6459d0, 0x000002944f644690, 0x000002944f645ea0, 0x000002944fc7e0a0,
0x000002944f6429b0, 0x000002944f642e80, 0x000002944eed4490, 0x000002944eed0130,
0x000002944eecedf0, 0x000002944fba4760, 0x000002944eed3fc0, 0x000002944eed1470,
0x000002944eed3af0, 0x000002944eed0fa0, 0x000002944eed0ad0, 0x000002944eed2c80,
0x000002944eed1940, 0x000002944eed5300, 0x000002944eece920, 0x000002944eed22e0,
0x000002944eed27b0, 0x0000029453849dc0, 0x000002945384a290, 0x0000029450578600,
0x0000029450578130, 0x0000029450578ad0, 0x00000294550b6860, 0x000002945384b100,
0x000002945384a760, 0x000002945384b5d0, 0x000002945384ac30, 0x000002944ee9b5c0,
0x000002944ee9b0f0, 0x000002944ee9d770, 0x000002944ee9cdd0, 0x000002944ee9dc40,
0x000002944ee9e5e0, 0x000002944ee9ba90, 0x000002944ee9bf60, 0x000002944ee9e110,
0x000002944ee9ac20, 0x000002944ee9c430, 0x000002944eed57d0, 0x000002944ee9d2a0,
0x0000029454001ee0, 0x00000294540036f0, 0x0000029454002d50, 0x0000029454003bc0,
0x000002944da18870, 0x00000294540023b0, 0x0000029454004a30, 0x0000029452825900,
0x000002944da17060, 0x0000029452825dd0, 0x000002944da1b560, 0x000002944da17530,
0x00000294528245c0, 0x000002944da17a00, 0x000002944fa9f890, 0x0000029455203aa0,
0x0000029452824a90, 0x0000029452824f60, 0x0000029452825430, 0x00000294551db010,
0x0000029454e71170, 0x00000294504ba1d0, 0x00000294504b9830, 0x00000294504ba6a0,
0x00000294504b8e90, 0x00000294504b9360, 0x000002944ce701d0, 0x000002944ce6e020,
0x000002944ce70b70, 0x000002944ce6e4f0, 0x000002944ce706a0, 0x000002944ce6d1b0,
0x000002944ce6fd00, 0x000002944ce6f830, 0x000002944ce6d680, 0x000002944ce6f360,
0x0000029452498870
}

Java Threads: ( => current thread )
  0x000002942d3ec310 JavaThread "main" [_thread_blocked, id=18804, stack(0x000000a71a700000,0x000000a71a800000)]
  0x000002944c096720 JavaThread "Reference Handler" daemon [_thread_blocked, id=11508, stack(0x000000a71ae00000,0x000000a71af00000)]
  0x000002944c097240 JavaThread "Finalizer" daemon [_thread_blocked, id=20544, stack(0x000000a71af00000,0x000000a71b000000)]
  0x000002944cc46d10 JavaThread "Signal Dispatcher" daemon [_thread_blocked, id=11396, stack(0x000000a71b000000,0x000000a71b100000)]
  0x000002944cc478c0 JavaThread "Attach Listener" daemon [_thread_blocked, id=10688, stack(0x000000a71b100000,0x000000a71b200000)]
  0x000002944cc4c390 JavaThread "Service Thread" daemon [_thread_blocked, id=11500, stack(0x000000a71b200000,0x000000a71b300000)]
  0x000002944cc4cd40 JavaThread "Monitor Deflation Thread" daemon [_thread_blocked, id=11568, stack(0x000000a71b300000,0x000000a71b400000)]
  0x000002944cc4da20 JavaThread "C2 CompilerThread0" daemon [_thread_blocked, id=14392, stack(0x000000a71b400000,0x000000a71b500000)]
  0x000002944cc4e4c0 JavaThread "C1 CompilerThread0" daemon [_thread_blocked, id=3424, stack(0x000000a71b500000,0x000000a71b600000)]
  0x000002944cc50ec0 JavaThread "Sweeper thread" daemon [_thread_blocked, id=11000, stack(0x000000a71b600000,0x000000a71b700000)]
  0x000002944c086520 JavaThread "Common-Cleaner" daemon [_thread_blocked, id=11760, stack(0x000000a71b700000,0x000000a71b800000)]
  0x000002944cee92e0 JavaThread "Notification Thread" daemon [_thread_blocked, id=14548, stack(0x000000a71bb00000,0x000000a71bc00000)]
  0x000002944e86fac0 JavaThread "Daemon health stats" [_thread_blocked, id=4824, stack(0x000000a71c300000,0x000000a71c400000)]
  0x000002944e58bb80 JavaThread "Incoming local TCP Connector on port 50137" [_thread_in_native, id=14828, stack(0x000000a71c400000,0x000000a71c500000)]
  0x000002944db88920 JavaThread "Daemon periodic checks" [_thread_blocked, id=7164, stack(0x000000a71c500000,0x000000a71c600000)]
  0x000002944ebb0a10 JavaThread "Daemon" [_thread_blocked, id=10564, stack(0x000000a71c600000,0x000000a71c700000)]
  0x000002944e5c1bf0 JavaThread "Handler for socket connection from /127.0.0.1:50137 to /127.0.0.1:50138" [_thread_in_native, id=3672, stack(0x000000a71c700000,0x000000a71c800000)]
  0x000002944ebfa460 JavaThread "Cancel handler" [_thread_blocked, id=14580, stack(0x000000a71c800000,0x000000a71c900000)]
  0x000002944f643350 JavaThread "Daemon worker" [_thread_blocked, id=13336, stack(0x000000a71c900000,0x000000a71ca00000)]
  0x000002944f643820 JavaThread "Asynchronous log dispatcher for DefaultDaemonConnection: socket connection from /127.0.0.1:50137 to /127.0.0.1:50138" [_thread_blocked, id=13668, stack(0x000000a71ca00000,0x000000a71cb00000)]
  0x000002944f643cf0 JavaThread "Stdin handler" [_thread_blocked, id=18188, stack(0x000000a71cb00000,0x000000a71cc00000)]
  0x000002944f646370 JavaThread "Daemon client event forwarder" [_thread_blocked, id=18816, stack(0x000000a71cc00000,0x000000a71cd00000)]
  0x000002944f6441c0 JavaThread "Cache worker for journal cache (C:\Users\THANH NHUT\.gradle\caches\journal-1)" [_thread_blocked, id=9664, stack(0x000000a71bd00000,0x000000a71be00000)]
  0x000002944f645500 JavaThread "File lock request listener" [_thread_in_native, id=3008, stack(0x000000a71cd00000,0x000000a71ce00000)]
  0x000002944f6459d0 JavaThread "Cache worker for file hash cache (C:\Users\THANH NHUT\.gradle\caches\8.6\fileHashes)" [_thread_blocked, id=14044, stack(0x000000a71ba00000,0x000000a71bb00000)]
  0x000002944f644690 JavaThread "File watcher server" daemon [_thread_in_native, id=19508, stack(0x000000a71b800000,0x000000a71b900000)]
  0x000002944f645ea0 JavaThread "File watcher consumer" daemon [_thread_blocked, id=6928, stack(0x000000a71b900000,0x000000a71ba00000)]
  0x000002944fc7e0a0 JavaThread "C1 CompilerThread1" daemon [_thread_blocked, id=19068, stack(0x000000a71c200000,0x000000a71c300000)]
  0x000002944f6429b0 JavaThread "Cache worker for checksums cache (D:\React_Native\DuAn\QuanLyPhongTroPie\android\.gradle\8.6\checksums)" [_thread_blocked, id=19072, stack(0x000000a71d800000,0x000000a71d900000)]
  0x000002944f642e80 JavaThread "Cache worker for file hash cache (D:\React_Native\DuAn\QuanLyPhongTroPie\android\.gradle\8.6\fileHashes)" [_thread_blocked, id=9840, stack(0x000000a71d900000,0x000000a71da00000)]
  0x000002944eed4490 JavaThread "Cache worker for cache directory md-supplier (C:\Users\THANH NHUT\.gradle\caches\8.6\md-supplier)" [_thread_blocked, id=18764, stack(0x000000a71da00000,0x000000a71db00000)]
  0x000002944eed0130 JavaThread "Cache worker for cache directory md-rule (C:\Users\THANH NHUT\.gradle\caches\8.6\md-rule)" [_thread_blocked, id=20572, stack(0x000000a71db00000,0x000000a71dc00000)]
  0x000002944eecedf0 JavaThread "Cache worker for file content cache (C:\Users\THANH NHUT\.gradle\caches\8.6\fileContent)" [_thread_blocked, id=9632, stack(0x000000a71dc00000,0x000000a71dd00000)]
  0x000002944fba4760 JavaThread "C1 CompilerThread2" daemon [_thread_blocked, id=896, stack(0x000000a71df00000,0x000000a71e000000)]
  0x000002944eed3fc0 JavaThread "jar transforms" [_thread_blocked, id=5932, stack(0x000000a71e300000,0x000000a71e400000)]
  0x000002944eed1470 JavaThread "jar transforms Thread 2" [_thread_blocked, id=1384, stack(0x000000a71e400000,0x000000a71e500000)]
  0x000002944eed3af0 JavaThread "jar transforms Thread 3" [_thread_blocked, id=1712, stack(0x000000a71e500000,0x000000a71e600000)]
  0x000002944eed0fa0 JavaThread "jar transforms Thread 4" [_thread_blocked, id=14388, stack(0x000000a71e600000,0x000000a71e700000)]
  0x000002944eed0ad0 JavaThread "Exec process" [_thread_blocked, id=12404, stack(0x000000a71e700000,0x000000a71e800000)]
  0x000002944eed2c80 JavaThread "Exec process Thread 2" [_thread_blocked, id=4536, stack(0x000000a71e800000,0x000000a71e900000)]
  0x000002944eed1940 JavaThread "Exec process Thread 3" [_thread_blocked, id=16040, stack(0x000000a71e900000,0x000000a71ea00000)]
  0x000002944eed5300 JavaThread "jar transforms Thread 5" [_thread_blocked, id=6180, stack(0x000000a71e000000,0x000000a71e100000)]
  0x000002944eece920 JavaThread "jar transforms Thread 6" [_thread_blocked, id=21240, stack(0x000000a71e100000,0x000000a71e200000)]
  0x000002944eed22e0 JavaThread "Unconstrained build operations" [_thread_blocked, id=21268, stack(0x000000a71de00000,0x000000a71df00000)]
  0x000002944eed27b0 JavaThread "Unconstrained build operations Thread 2" [_thread_blocked, id=8848, stack(0x000000a71e200000,0x000000a71e300000)]
  0x0000029453849dc0 JavaThread "jar transforms Thread 7" [_thread_blocked, id=8364, stack(0x000000a71eb00000,0x000000a71ec00000)]
  0x000002945384a290 JavaThread "jar transforms Thread 8" [_thread_blocked, id=4848, stack(0x000000a71ec00000,0x000000a71ed00000)]
  0x0000029450578600 JavaThread "Cache worker for Build Output Cleanup Cache (D:\React_Native\DuAn\QuanLyPhongTroPie\node_modules\@react-native\gradle-plugin\.gradle\buildOutputCleanup)" [_thread_blocked, id=8188, stack(0x000000a71ed00000,0x000000a71ee00000)]
  0x0000029450578130 JavaThread "jar transforms Thread 9" [_thread_blocked, id=9816, stack(0x000000a71ee00000,0x000000a71ef00000)]
  0x0000029450578ad0 JavaThread "jar transforms Thread 10" [_thread_blocked, id=11408, stack(0x000000a71ef00000,0x000000a71f000000)]
  0x00000294550b6860 JavaThread "C1 CompilerThread3" daemon [_thread_blocked, id=7140, stack(0x000000a71f000000,0x000000a71f100000)]
  0x000002945384b100 JavaThread "Unconstrained build operations Thread 3" [_thread_blocked, id=6328, stack(0x000000a71f100000,0x000000a71f200000)]
  0x000002945384a760 JavaThread "Unconstrained build operations Thread 4" [_thread_blocked, id=7268, stack(0x000000a71f200000,0x000000a71f300000)]
  0x000002945384b5d0 JavaThread "Unconstrained build operations Thread 5" [_thread_blocked, id=1700, stack(0x000000a71f300000,0x000000a71f400000)]
  0x000002945384ac30 JavaThread "Unconstrained build operations Thread 6" [_thread_blocked, id=16588, stack(0x000000a71f400000,0x000000a71f500000)]
  0x000002944ee9b5c0 JavaThread "Unconstrained build operations Thread 7" [_thread_blocked, id=8576, stack(0x000000a71f500000,0x000000a71f600000)]
  0x000002944ee9b0f0 JavaThread "Unconstrained build operations Thread 8" [_thread_blocked, id=13700, stack(0x000000a71f600000,0x000000a71f700000)]
  0x000002944ee9d770 JavaThread "Unconstrained build operations Thread 9" [_thread_blocked, id=14068, stack(0x000000a71f700000,0x000000a71f800000)]
  0x000002944ee9cdd0 JavaThread "Unconstrained build operations Thread 10" [_thread_blocked, id=16672, stack(0x000000a71f800000,0x000000a71f900000)]
  0x000002944ee9dc40 JavaThread "Unconstrained build operations Thread 11" [_thread_blocked, id=19448, stack(0x000000a71f900000,0x000000a71fa00000)]
  0x000002944ee9e5e0 JavaThread "Unconstrained build operations Thread 12" [_thread_blocked, id=14448, stack(0x000000a71fa00000,0x000000a71fb00000)]
  0x000002944ee9ba90 JavaThread "Unconstrained build operations Thread 13" [_thread_blocked, id=2348, stack(0x000000a71fb00000,0x000000a71fc00000)]
  0x000002944ee9bf60 JavaThread "Unconstrained build operations Thread 14" [_thread_blocked, id=4336, stack(0x000000a71fc00000,0x000000a71fd00000)]
  0x000002944ee9e110 JavaThread "Unconstrained build operations Thread 15" [_thread_blocked, id=18224, stack(0x000000a71fd00000,0x000000a71fe00000)]
  0x000002944ee9ac20 JavaThread "Unconstrained build operations Thread 16" [_thread_blocked, id=9380, stack(0x000000a71fe00000,0x000000a71ff00000)]
  0x000002944ee9c430 JavaThread "Unconstrained build operations Thread 17" [_thread_blocked, id=12380, stack(0x000000a71ff00000,0x000000a720000000)]
  0x000002944eed57d0 JavaThread "build event listener" [_thread_blocked, id=19524, stack(0x000000a720000000,0x000000a720100000)]
  0x000002944ee9d2a0 JavaThread "Memory manager" [_thread_blocked, id=9744, stack(0x000000a71ea00000,0x000000a71eb00000)]
  0x0000029454001ee0 JavaThread "jar transforms Thread 11" [_thread_blocked, id=13060, stack(0x000000a720300000,0x000000a720400000)]
  0x00000294540036f0 JavaThread "jar transforms Thread 12" [_thread_blocked, id=1816, stack(0x000000a720400000,0x000000a720500000)]
  0x0000029454002d50 JavaThread "jar transforms Thread 13" [_thread_blocked, id=7312, stack(0x000000a720500000,0x000000a720600000)]
  0x0000029454003bc0 JavaThread "Cache worker for Build Output Cleanup Cache (D:\React_Native\DuAn\QuanLyPhongTroPie\android\.gradle\buildOutputCleanup)" [_thread_blocked, id=14116, stack(0x000000a720700000,0x000000a720800000)]
  0x000002944da18870 JavaThread "ForkJoinPool.commonPool-worker-1" daemon [_thread_blocked, id=17808, stack(0x000000a720800000,0x000000a720900000)]
  0x00000294540023b0 JavaThread "ForkJoinPool.commonPool-worker-2" daemon [_thread_blocked, id=14824, stack(0x000000a720900000,0x000000a720a00000)]
  0x0000029454004a30 JavaThread "ForkJoinPool.commonPool-worker-3" daemon [_thread_blocked, id=14184, stack(0x000000a720a00000,0x000000a720b00000)]
  0x0000029452825900 JavaThread "ForkJoinPool.commonPool-worker-5" daemon [_thread_blocked, id=10876, stack(0x000000a720b00000,0x000000a720c00000)]
  0x000002944da17060 JavaThread "ForkJoinPool.commonPool-worker-4" daemon [_thread_blocked, id=10860, stack(0x000000a720c00000,0x000000a720d00000)]
  0x0000029452825dd0 JavaThread "ForkJoinPool.commonPool-worker-6" daemon [_thread_blocked, id=10788, stack(0x000000a720d00000,0x000000a720e00000)]
  0x000002944da1b560 JavaThread "ForkJoinPool.commonPool-worker-8" daemon [_thread_blocked, id=10828, stack(0x000000a720e00000,0x000000a720f00000)]
  0x000002944da17530 JavaThread "ForkJoinPool.commonPool-worker-7" daemon [_thread_blocked, id=10800, stack(0x000000a720f00000,0x000000a721000000)]
  0x00000294528245c0 JavaThread "ForkJoinPool.commonPool-worker-9" daemon [_thread_blocked, id=10836, stack(0x000000a721000000,0x000000a721100000)]
  0x000002944da17a00 JavaThread "ForkJoinPool.commonPool-worker-10" daemon [_thread_blocked, id=10868, stack(0x000000a721100000,0x000000a721200000)]
  0x000002944fa9f890 JavaThread "ForkJoinPool.commonPool-worker-11" daemon [_thread_blocked, id=12212, stack(0x000000a721200000,0x000000a721300000)]
  0x0000029455203aa0 JavaThread "ForkJoinPool.commonPool-worker-12" daemon [_thread_blocked, id=12880, stack(0x000000a71dd00000,0x000000a71de00000)]
  0x0000029452824a90 JavaThread "ForkJoinPool.commonPool-worker-13" daemon [_thread_blocked, id=6980, stack(0x000000a720600000,0x000000a720700000)]
  0x0000029452824f60 JavaThread "ForkJoinPool.commonPool-worker-14" daemon [_thread_blocked, id=20456, stack(0x000000a721300000,0x000000a721400000)]
  0x0000029452825430 JavaThread "ForkJoinPool.commonPool-worker-15" daemon [_thread_blocked, id=16200, stack(0x000000a721400000,0x000000a721500000)]
  0x00000294551db010 JavaThread "C2 CompilerThread1" daemon [_thread_blocked, id=6996, stack(0x000000a721500000,0x000000a721600000)]
  0x0000029454e71170 JavaThread "included builds" [_thread_blocked, id=16764, stack(0x000000a721600000,0x000000a721700000)]
=>0x00000294504ba1d0 JavaThread "Execution worker" [_thread_in_vm, id=5876, stack(0x000000a721700000,0x000000a721800000)]
  0x00000294504b9830 JavaThread "Execution worker Thread 2" [_thread_blocked, id=8556, stack(0x000000a721800000,0x000000a721900000)]
  0x00000294504ba6a0 JavaThread "Execution worker Thread 3" [_thread_blocked, id=12388, stack(0x000000a721900000,0x000000a721a00000)]
  0x00000294504b8e90 JavaThread "Execution worker Thread 4" [_thread_blocked, id=10684, stack(0x000000a721a00000,0x000000a721b00000)]
  0x00000294504b9360 JavaThread "Execution worker Thread 5" [_thread_blocked, id=19032, stack(0x000000a721b00000,0x000000a721c00000)]
  0x000002944ce701d0 JavaThread "Execution worker Thread 6" [_thread_blocked, id=5592, stack(0x000000a721c00000,0x000000a721d00000)]
  0x000002944ce6e020 JavaThread "Execution worker Thread 7" [_thread_blocked, id=7812, stack(0x000000a721d00000,0x000000a721e00000)]
  0x000002944ce70b70 JavaThread "Execution worker Thread 8" [_thread_blocked, id=7612, stack(0x000000a721e00000,0x000000a721f00000)]
  0x000002944ce6e4f0 JavaThread "Execution worker Thread 9" [_thread_blocked, id=9392, stack(0x000000a721f00000,0x000000a722000000)]
  0x000002944ce706a0 JavaThread "Execution worker Thread 10" [_thread_blocked, id=3476, stack(0x000000a722000000,0x000000a722100000)]
  0x000002944ce6d1b0 JavaThread "Execution worker Thread 11" [_thread_blocked, id=15000, stack(0x000000a722100000,0x000000a722200000)]
  0x000002944ce6fd00 JavaThread "Execution worker Thread 12" [_thread_blocked, id=7792, stack(0x000000a722200000,0x000000a722300000)]
  0x000002944ce6f830 JavaThread "Execution worker Thread 13" [_thread_blocked, id=9396, stack(0x000000a722300000,0x000000a722400000)]
  0x000002944ce6d680 JavaThread "Execution worker Thread 14" [_thread_blocked, id=8044, stack(0x000000a722400000,0x000000a722500000)]
  0x000002944ce6f360 JavaThread "Execution worker Thread 15" [_thread_blocked, id=8380, stack(0x000000a722500000,0x000000a722600000)]
  0x0000029452498870 JavaThread "Cache worker for execution history cache (D:\React_Native\DuAn\QuanLyPhongTroPie\node_modules\@react-native\gradle-plugin\.gradle\8.6\executionHistory)" [_thread_blocked, id=18500, stack(0x000000a722600000,0x000000a722700000)]

Other Threads:
  0x000002944cc42010 VMThread "VM Thread" [stack: 0x000000a71ad00000,0x000000a71ae00000] [id=20100]
  0x000002944cee9800 WatcherThread [stack: 0x000000a71bc00000,0x000000a71bd00000] [id=15404]
  0x000002942d448dd0 GCTaskThread "GC Thread#0" [stack: 0x000000a71a800000,0x000000a71a900000] [id=18788]
  0x000002944dae93d0 GCTaskThread "GC Thread#1" [stack: 0x000000a71be00000,0x000000a71bf00000] [id=15224]
  0x000002944d9fd200 GCTaskThread "GC Thread#2" [stack: 0x000000a71bf00000,0x000000a71c000000] [id=11424]
  0x000002944d3f5bd0 GCTaskThread "GC Thread#3" [stack: 0x000000a71c000000,0x000000a71c100000] [id=1608]
  0x000002944d901510 GCTaskThread "GC Thread#4" [stack: 0x000000a71c100000,0x000000a71c200000] [id=15400]
  0x000002944ea3bf60 GCTaskThread "GC Thread#5" [stack: 0x000000a71ce00000,0x000000a71cf00000] [id=13464]
  0x000002944ea3c4c0 GCTaskThread "GC Thread#6" [stack: 0x000000a71cf00000,0x000000a71d000000] [id=1580]
  0x000002944ea3ccd0 GCTaskThread "GC Thread#7" [stack: 0x000000a71d000000,0x000000a71d100000] [id=19276]
  0x000002944ea3c770 GCTaskThread "GC Thread#8" [stack: 0x000000a71d100000,0x000000a71d200000] [id=17208]
  0x000002944ea3d4e0 GCTaskThread "GC Thread#9" [stack: 0x000000a71d200000,0x000000a71d300000] [id=13384]
  0x000002944eeae720 GCTaskThread "GC Thread#10" [stack: 0x000000a71d300000,0x000000a71d400000] [id=19868]
  0x000002944eeacef0 GCTaskThread "GC Thread#11" [stack: 0x000000a71d400000,0x000000a71d500000] [id=15600]
  0x000002944eead9b0 GCTaskThread "GC Thread#12" [stack: 0x000000a71d500000,0x000000a71d600000] [id=10576]
  0x000002942d459d10 ConcurrentGCThread "G1 Main Marker" [stack: 0x000000a71a900000,0x000000a71aa00000] [id=21244]
  0x000002942d45a720 ConcurrentGCThread "G1 Conc#0" [stack: 0x000000a71aa00000,0x000000a71ab00000] [id=16576]
  0x000002944eeac990 ConcurrentGCThread "G1 Conc#1" [stack: 0x000000a71d600000,0x000000a71d700000] [id=6544]
  0x000002944eeae470 ConcurrentGCThread "G1 Conc#2" [stack: 0x000000a71d700000,0x000000a71d800000] [id=11892]
  0x000002944bf44200 ConcurrentGCThread "G1 Refine#0" [stack: 0x000000a71ab00000,0x000000a71ac00000] [id=3156]
  0x000002944bf44c20 ConcurrentGCThread "G1 Service" [stack: 0x000000a71ac00000,0x000000a71ad00000] [id=11432]

Threads with active compile tasks:

VM state: not at safepoint (normal execution)

VM Mutex/Monitor currently owned by a thread: None

Heap address: 0x0000000080000000, size: 2048 MB, Compressed Oops mode: 32-bit

CDS archive(s) mapped at: [0x0000000800000000-0x0000000800bd0000-0x0000000800bd0000), size 12386304, SharedBaseAddress: 0x0000000800000000, ArchiveRelocationMode: 0.
Compressed class space mapped at: 0x0000000800c00000-0x000000081a800000, reserved size: 432013312
Narrow klass base: 0x0000000800000000, Narrow klass shift: 0, Narrow klass range: 0x100000000

GC Precious Log:
 CPUs: 16 total, 16 available
 Memory: 15733M
 Large Page Support: Disabled
 NUMA Support: Disabled
 Compressed Oops: Enabled (32-bit)
 Heap Region Size: 1M
 Heap Min Capacity: 8M
 Heap Initial Capacity: 246M
 Heap Max Capacity: 2G
 Pre-touch: Disabled
 Parallel Workers: 13
 Concurrent Workers: 3
 Concurrent Refinement Workers: 13
 Periodic GC: Disabled

Heap:
 garbage-first heap   total 148480K, used 82745K [0x0000000080000000, 0x0000000100000000)
  region size 1024K, 17 young (17408K), 5 survivors (5120K)
 Metaspace       used 66561K, committed 67264K, reserved 487424K
  class space    used 9407K, committed 9728K, reserved 421888K

Heap Regions: E=young(eden), S=young(survivor), O=old, HS=humongous(starts), HC=humongous(continues), CS=collection set, F=free, OA=open archive, CA=closed archive, TAMS=top-at-mark-start (previous, next)
|   0|0x0000000080000000, 0x0000000080100000, 0x0000000080100000|100%|HS|  |TAMS 0x0000000080100000, 0x0000000080000000| Complete 
|   1|0x0000000080100000, 0x0000000080200000, 0x0000000080200000|100%|HC|  |TAMS 0x0000000080200000, 0x0000000080100000| Complete 
|   2|0x0000000080200000, 0x0000000080300000, 0x0000000080300000|100%|HC|  |TAMS 0x0000000080300000, 0x0000000080200000| Complete 
|   3|0x0000000080300000, 0x0000000080400000, 0x0000000080400000|100%|HC|  |TAMS 0x0000000080400000, 0x0000000080300000| Complete 
|   4|0x0000000080400000, 0x0000000080500000, 0x0000000080500000|100%| O|  |TAMS 0x0000000080500000, 0x0000000080400000| Untracked 
|   5|0x0000000080500000, 0x0000000080600000, 0x0000000080600000|100%| O|  |TAMS 0x0000000080600000, 0x0000000080500000| Untracked 
|   6|0x0000000080600000, 0x0000000080700000, 0x0000000080700000|100%| O|  |TAMS 0x0000000080700000, 0x0000000080600000| Untracked 
|   7|0x0000000080700000, 0x0000000080800000, 0x0000000080800000|100%| O|  |TAMS 0x0000000080800000, 0x0000000080700000| Untracked 
|   8|0x0000000080800000, 0x0000000080900000, 0x0000000080900000|100%| O|  |TAMS 0x0000000080900000, 0x0000000080800000| Untracked 
|   9|0x0000000080900000, 0x0000000080a00000, 0x0000000080a00000|100%| O|  |TAMS 0x0000000080a00000, 0x0000000080900000| Untracked 
|  10|0x0000000080a00000, 0x0000000080a5dc00, 0x0000000080b00000| 36%| O|  |TAMS 0x0000000080a5dc00, 0x0000000080a00000| Untracked 
|  11|0x0000000080b00000, 0x0000000080c00000, 0x0000000080c00000|100%| O|  |TAMS 0x0000000080c00000, 0x0000000080b00000| Untracked 
|  12|0x0000000080c00000, 0x0000000080d00000, 0x0000000080d00000|100%| O|  |TAMS 0x0000000080d00000, 0x0000000080c00000| Untracked 
|  13|0x0000000080d00000, 0x0000000080e00000, 0x0000000080e00000|100%| O|  |TAMS 0x0000000080e00000, 0x0000000080d00000| Untracked 
|  14|0x0000000080e00000, 0x0000000080f00000, 0x0000000080f00000|100%| O|  |TAMS 0x0000000080f00000, 0x0000000080e00000| Untracked 
|  15|0x0000000080f00000, 0x0000000081000000, 0x0000000081000000|100%| O|  |TAMS 0x0000000081000000, 0x0000000080f00000| Untracked 
|  16|0x0000000081000000, 0x0000000081100000, 0x0000000081100000|100%| O|  |TAMS 0x0000000081100000, 0x0000000081000000| Untracked 
|  17|0x0000000081100000, 0x0000000081200000, 0x0000000081200000|100%| O|  |TAMS 0x0000000081200000, 0x0000000081100000| Untracked 
|  18|0x0000000081200000, 0x0000000081300000, 0x0000000081300000|100%| O|  |TAMS 0x0000000081300000, 0x0000000081200000| Untracked 
|  19|0x0000000081300000, 0x0000000081400000, 0x0000000081400000|100%| O|  |TAMS 0x0000000081400000, 0x0000000081300000| Untracked 
|  20|0x0000000081400000, 0x0000000081500000, 0x0000000081500000|100%| O|  |TAMS 0x0000000081500000, 0x0000000081400000| Untracked 
|  21|0x0000000081500000, 0x0000000081600000, 0x0000000081600000|100%| O|  |TAMS 0x0000000081600000, 0x0000000081500000| Untracked 
|  22|0x0000000081600000, 0x0000000081700000, 0x0000000081700000|100%| O|  |TAMS 0x0000000081600000, 0x0000000081600000| Untracked 
|  23|0x0000000081700000, 0x0000000081800000, 0x0000000081800000|100%| O|  |TAMS 0x0000000081800000, 0x0000000081700000| Untracked 
|  24|0x0000000081800000, 0x0000000081900000, 0x0000000081900000|100%| O|  |TAMS 0x0000000081900000, 0x0000000081800000| Untracked 
|  25|0x0000000081900000, 0x0000000081a00000, 0x0000000081a00000|100%| O|  |TAMS 0x0000000081a00000, 0x0000000081900000| Untracked 
|  26|0x0000000081a00000, 0x0000000081b00000, 0x0000000081b00000|100%| O|  |TAMS 0x0000000081b00000, 0x0000000081a00000| Untracked 
|  27|0x0000000081b00000, 0x0000000081c00000, 0x0000000081c00000|100%| O|  |TAMS 0x0000000081c00000, 0x0000000081b00000| Untracked 
|  28|0x0000000081c00000, 0x0000000081d00000, 0x0000000081d00000|100%| O|  |TAMS 0x0000000081d00000, 0x0000000081c00000| Untracked 
|  29|0x0000000081d00000, 0x0000000081e00000, 0x0000000081e00000|100%| O|  |TAMS 0x0000000081e00000, 0x0000000081d00000| Untracked 
|  30|0x0000000081e00000, 0x0000000081f00000, 0x0000000081f00000|100%| O|  |TAMS 0x0000000081f00000, 0x0000000081e00000| Untracked 
|  31|0x0000000081f00000, 0x0000000082000000, 0x0000000082000000|100%| O|  |TAMS 0x0000000082000000, 0x0000000081f00000| Untracked 
|  32|0x0000000082000000, 0x0000000082100000, 0x0000000082100000|100%| O|  |TAMS 0x0000000082100000, 0x0000000082000000| Untracked 
|  33|0x0000000082100000, 0x0000000082200000, 0x0000000082200000|100%| O|  |TAMS 0x0000000082200000, 0x0000000082100000| Untracked 
|  34|0x0000000082200000, 0x0000000082300000, 0x0000000082300000|100%| O|  |TAMS 0x0000000082300000, 0x0000000082200000| Untracked 
|  35|0x0000000082300000, 0x0000000082400000, 0x0000000082400000|100%| O|  |TAMS 0x0000000082400000, 0x0000000082300000| Untracked 
|  36|0x0000000082400000, 0x0000000082500000, 0x0000000082500000|100%| O|  |TAMS 0x0000000082500000, 0x0000000082400000| Untracked 
|  37|0x0000000082500000, 0x0000000082600000, 0x0000000082600000|100%| O|  |TAMS 0x0000000082600000, 0x0000000082500000| Untracked 
|  38|0x0000000082600000, 0x0000000082700000, 0x0000000082700000|100%| O|  |TAMS 0x0000000082700000, 0x0000000082600000| Untracked 
|  39|0x0000000082700000, 0x0000000082800000, 0x0000000082800000|100%|HS|  |TAMS 0x0000000082800000, 0x0000000082700000| Complete 
|  40|0x0000000082800000, 0x0000000082900000, 0x0000000082900000|100%|HC|  |TAMS 0x0000000082900000, 0x0000000082800000| Complete 
|  41|0x0000000082900000, 0x0000000082a00000, 0x0000000082a00000|100%| O|  |TAMS 0x0000000082a00000, 0x0000000082900000| Untracked 
|  42|0x0000000082a00000, 0x0000000082b00000, 0x0000000082b00000|100%| O|  |TAMS 0x0000000082b00000, 0x0000000082a00000| Untracked 
|  43|0x0000000082b00000, 0x0000000082c00000, 0x0000000082c00000|100%| O|  |TAMS 0x0000000082c00000, 0x0000000082b00000| Untracked 
|  44|0x0000000082c00000, 0x0000000082d00000, 0x0000000082d00000|100%| O|  |TAMS 0x0000000082d00000, 0x0000000082c00000| Untracked 
|  45|0x0000000082d00000, 0x0000000082e00000, 0x0000000082e00000|100%|HS|  |TAMS 0x0000000082e00000, 0x0000000082d00000| Complete 
|  46|0x0000000082e00000, 0x0000000082f00000, 0x0000000082f00000|100%|HC|  |TAMS 0x0000000082f00000, 0x0000000082e00000| Complete 
|  47|0x0000000082f00000, 0x0000000083000000, 0x0000000083000000|100%|HS|  |TAMS 0x0000000083000000, 0x0000000082f00000| Complete 
|  48|0x0000000083000000, 0x0000000083100000, 0x0000000083100000|100%|HC|  |TAMS 0x0000000083100000, 0x0000000083000000| Complete 
|  49|0x0000000083100000, 0x0000000083200000, 0x0000000083200000|100%|HC|  |TAMS 0x0000000083200000, 0x0000000083100000| Complete 
|  50|0x0000000083200000, 0x0000000083300000, 0x0000000083300000|100%|HC|  |TAMS 0x0000000083300000, 0x0000000083200000| Complete 
|  51|0x0000000083300000, 0x0000000083400000, 0x0000000083400000|100%|HS|  |TAMS 0x0000000083400000, 0x0000000083300000| Complete 
|  52|0x0000000083400000, 0x0000000083500000, 0x0000000083500000|100%|HC|  |TAMS 0x0000000083500000, 0x0000000083400000| Complete 
|  53|0x0000000083500000, 0x0000000083600000, 0x0000000083600000|100%|HC|  |TAMS 0x0000000083600000, 0x0000000083500000| Complete 
|  54|0x0000000083600000, 0x0000000083700000, 0x0000000083700000|100%|HC|  |TAMS 0x0000000083700000, 0x0000000083600000| Complete 
|  55|0x0000000083700000, 0x0000000083800000, 0x0000000083800000|100%| O|  |TAMS 0x0000000083800000, 0x0000000083700000| Untracked 
|  56|0x0000000083800000, 0x0000000083900000, 0x0000000083900000|100%| O|  |TAMS 0x0000000083900000, 0x0000000083800000| Untracked 
|  57|0x0000000083900000, 0x0000000083a00000, 0x0000000083a00000|100%| O|  |TAMS 0x0000000083a00000, 0x0000000083900000| Untracked 
|  58|0x0000000083a00000, 0x0000000083b00000, 0x0000000083b00000|100%| O|  |TAMS 0x0000000083ae1400, 0x0000000083a00000| Untracked 
|  59|0x0000000083b00000, 0x0000000083c00000, 0x0000000083c00000|100%| O|  |TAMS 0x0000000083b00000, 0x0000000083b00000| Untracked 
|  60|0x0000000083c00000, 0x0000000083d00000, 0x0000000083d00000|100%| O|  |TAMS 0x0000000083c00000, 0x0000000083c00000| Untracked 
|  61|0x0000000083d00000, 0x0000000083e00000, 0x0000000083e00000|100%| O|  |TAMS 0x0000000083d00000, 0x0000000083d00000| Untracked 
|  62|0x0000000083e00000, 0x0000000083f00000, 0x0000000083f00000|100%| O|  |TAMS 0x0000000083e00000, 0x0000000083e00000| Untracked 
|  63|0x0000000083f00000, 0x0000000084000000, 0x0000000084000000|100%| O|  |TAMS 0x0000000083f00000, 0x0000000083f00000| Untracked 
|  64|0x0000000084000000, 0x0000000084100000, 0x0000000084100000|100%| O|  |TAMS 0x0000000084000000, 0x0000000084000000| Untracked 
|  65|0x0000000084100000, 0x0000000084200000, 0x0000000084200000|100%| O|  |TAMS 0x0000000084100000, 0x0000000084100000| Untracked 
|  66|0x0000000084200000, 0x0000000084259c00, 0x0000000084300000| 35%| O|  |TAMS 0x0000000084200000, 0x0000000084200000| Untracked 
|  67|0x0000000084300000, 0x0000000084300000, 0x0000000084400000|  0%| F|  |TAMS 0x0000000084300000, 0x0000000084300000| Untracked 
|  68|0x0000000084400000, 0x0000000084400000, 0x0000000084500000|  0%| F|  |TAMS 0x0000000084400000, 0x0000000084400000| Untracked 
|  69|0x0000000084500000, 0x0000000084500000, 0x0000000084600000|  0%| F|  |TAMS 0x0000000084500000, 0x0000000084500000| Untracked 
|  70|0x0000000084600000, 0x0000000084600000, 0x0000000084700000|  0%| F|  |TAMS 0x0000000084600000, 0x0000000084600000| Untracked 
|  71|0x0000000084700000, 0x0000000084700000, 0x0000000084800000|  0%| F|  |TAMS 0x0000000084700000, 0x0000000084700000| Untracked 
|  72|0x0000000084800000, 0x0000000084800000, 0x0000000084900000|  0%| F|  |TAMS 0x0000000084800000, 0x0000000084800000| Untracked 
|  73|0x0000000084900000, 0x0000000084900000, 0x0000000084a00000|  0%| F|  |TAMS 0x0000000084900000, 0x0000000084900000| Untracked 
|  74|0x0000000084a00000, 0x0000000084a00000, 0x0000000084b00000|  0%| F|  |TAMS 0x0000000084a00000, 0x0000000084a00000| Untracked 
|  75|0x0000000084b00000, 0x0000000084b00000, 0x0000000084c00000|  0%| F|  |TAMS 0x0000000084b00000, 0x0000000084b00000| Untracked 
|  76|0x0000000084c00000, 0x0000000084c00000, 0x0000000084d00000|  0%| F|  |TAMS 0x0000000084c00000, 0x0000000084c00000| Untracked 
|  77|0x0000000084d00000, 0x0000000084d00000, 0x0000000084e00000|  0%| F|  |TAMS 0x0000000084d00000, 0x0000000084d00000| Untracked 
|  78|0x0000000084e00000, 0x0000000084e00000, 0x0000000084f00000|  0%| F|  |TAMS 0x0000000084e00000, 0x0000000084e00000| Untracked 
|  79|0x0000000084f00000, 0x0000000084f00000, 0x0000000085000000|  0%| F|  |TAMS 0x0000000084f00000, 0x0000000084f00000| Untracked 
|  80|0x0000000085000000, 0x0000000085000000, 0x0000000085100000|  0%| F|  |TAMS 0x0000000085000000, 0x0000000085000000| Untracked 
|  81|0x0000000085100000, 0x0000000085100000, 0x0000000085200000|  0%| F|  |TAMS 0x0000000085100000, 0x0000000085100000| Untracked 
|  82|0x0000000085200000, 0x0000000085200000, 0x0000000085300000|  0%| F|  |TAMS 0x0000000085200000, 0x0000000085200000| Untracked 
|  83|0x0000000085300000, 0x0000000085300000, 0x0000000085400000|  0%| F|  |TAMS 0x0000000085300000, 0x0000000085300000| Untracked 
|  84|0x0000000085400000, 0x0000000085400000, 0x0000000085500000|  0%| F|  |TAMS 0x0000000085400000, 0x0000000085400000| Untracked 
|  85|0x0000000085500000, 0x0000000085500000, 0x0000000085600000|  0%| F|  |TAMS 0x0000000085500000, 0x0000000085500000| Untracked 
|  86|0x0000000085600000, 0x0000000085600000, 0x0000000085700000|  0%| F|  |TAMS 0x0000000085600000, 0x0000000085600000| Untracked 
|  87|0x0000000085700000, 0x0000000085700000, 0x0000000085800000|  0%| F|  |TAMS 0x0000000085700000, 0x0000000085700000| Untracked 
|  88|0x0000000085800000, 0x0000000085800000, 0x0000000085900000|  0%| F|  |TAMS 0x0000000085800000, 0x0000000085800000| Untracked 
|  89|0x0000000085900000, 0x0000000085900000, 0x0000000085a00000|  0%| F|  |TAMS 0x0000000085900000, 0x0000000085900000| Untracked 
|  90|0x0000000085a00000, 0x0000000085a00000, 0x0000000085b00000|  0%| F|  |TAMS 0x0000000085a00000, 0x0000000085a00000| Untracked 
|  91|0x0000000085b00000, 0x0000000085b00000, 0x0000000085c00000|  0%| F|  |TAMS 0x0000000085b00000, 0x0000000085b00000| Untracked 
|  92|0x0000000085c00000, 0x0000000085c00000, 0x0000000085d00000|  0%| F|  |TAMS 0x0000000085c00000, 0x0000000085c00000| Untracked 
|  93|0x0000000085d00000, 0x0000000085d00000, 0x0000000085e00000|  0%| F|  |TAMS 0x0000000085d00000, 0x0000000085d00000| Untracked 
|  94|0x0000000085e00000, 0x0000000085e00000, 0x0000000085f00000|  0%| F|  |TAMS 0x0000000085e00000, 0x0000000085e00000| Untracked 
|  95|0x0000000085f00000, 0x0000000085f00000, 0x0000000086000000|  0%| F|  |TAMS 0x0000000085f00000, 0x0000000085f00000| Untracked 
|  96|0x0000000086000000, 0x0000000086016f40, 0x0000000086100000|  8%| S|CS|TAMS 0x0000000086000000, 0x0000000086000000| Complete 
|  97|0x0000000086100000, 0x0000000086200000, 0x0000000086200000|100%| S|CS|TAMS 0x0000000086100000, 0x0000000086100000| Complete 
|  98|0x0000000086200000, 0x0000000086300000, 0x0000000086300000|100%| S|CS|TAMS 0x0000000086200000, 0x0000000086200000| Complete 
|  99|0x0000000086300000, 0x0000000086400000, 0x0000000086400000|100%| S|CS|TAMS 0x0000000086300000, 0x0000000086300000| Complete 
| 100|0x0000000086400000, 0x0000000086500000, 0x0000000086500000|100%| S|CS|TAMS 0x0000000086400000, 0x0000000086400000| Complete 
| 101|0x0000000086500000, 0x0000000086500000, 0x0000000086600000|  0%| F|  |TAMS 0x0000000086500000, 0x0000000086500000| Untracked 
| 102|0x0000000086600000, 0x0000000086600000, 0x0000000086700000|  0%| F|  |TAMS 0x0000000086600000, 0x0000000086600000| Untracked 
| 103|0x0000000086700000, 0x0000000086700000, 0x0000000086800000|  0%| F|  |TAMS 0x0000000086700000, 0x0000000086700000| Untracked 
| 104|0x0000000086800000, 0x0000000086800000, 0x0000000086900000|  0%| F|  |TAMS 0x0000000086800000, 0x0000000086800000| Untracked 
| 105|0x0000000086900000, 0x0000000086900000, 0x0000000086a00000|  0%| F|  |TAMS 0x0000000086900000, 0x0000000086900000| Untracked 
| 106|0x0000000086a00000, 0x0000000086a00000, 0x0000000086b00000|  0%| F|  |TAMS 0x0000000086a00000, 0x0000000086a00000| Untracked 
| 107|0x0000000086b00000, 0x0000000086b00000, 0x0000000086c00000|  0%| F|  |TAMS 0x0000000086b00000, 0x0000000086b00000| Untracked 
| 108|0x0000000086c00000, 0x0000000086c00000, 0x0000000086d00000|  0%| F|  |TAMS 0x0000000086c00000, 0x0000000086c00000| Untracked 
| 109|0x0000000086d00000, 0x0000000086d00000, 0x0000000086e00000|  0%| F|  |TAMS 0x0000000086d00000, 0x0000000086d00000| Untracked 
| 110|0x0000000086e00000, 0x0000000086e00000, 0x0000000086f00000|  0%| F|  |TAMS 0x0000000086e00000, 0x0000000086e00000| Untracked 
| 111|0x0000000086f00000, 0x0000000086f00000, 0x0000000087000000|  0%| F|  |TAMS 0x0000000086f00000, 0x0000000086f00000| Untracked 
| 112|0x0000000087000000, 0x0000000087000000, 0x0000000087100000|  0%| F|  |TAMS 0x0000000087000000, 0x0000000087000000| Untracked 
| 113|0x0000000087100000, 0x0000000087100000, 0x0000000087200000|  0%| F|  |TAMS 0x0000000087100000, 0x0000000087100000| Untracked 
| 114|0x0000000087200000, 0x0000000087200000, 0x0000000087300000|  0%| F|  |TAMS 0x0000000087200000, 0x0000000087200000| Untracked 
| 115|0x0000000087300000, 0x0000000087300000, 0x0000000087400000|  0%| F|  |TAMS 0x0000000087300000, 0x0000000087300000| Untracked 
| 116|0x0000000087400000, 0x0000000087400000, 0x0000000087500000|  0%| F|  |TAMS 0x0000000087400000, 0x0000000087400000| Untracked 
| 117|0x0000000087500000, 0x0000000087500000, 0x0000000087600000|  0%| F|  |TAMS 0x0000000087500000, 0x0000000087500000| Untracked 
| 118|0x0000000087600000, 0x0000000087600000, 0x0000000087700000|  0%| F|  |TAMS 0x0000000087600000, 0x0000000087600000| Untracked 
| 119|0x0000000087700000, 0x0000000087700000, 0x0000000087800000|  0%| F|  |TAMS 0x0000000087700000, 0x0000000087700000| Untracked 
| 120|0x0000000087800000, 0x0000000087800000, 0x0000000087900000|  0%| F|  |TAMS 0x0000000087800000, 0x0000000087800000| Untracked 
| 121|0x0000000087900000, 0x0000000087900000, 0x0000000087a00000|  0%| F|  |TAMS 0x0000000087900000, 0x0000000087900000| Untracked 
| 122|0x0000000087a00000, 0x0000000087a00000, 0x0000000087b00000|  0%| F|  |TAMS 0x0000000087a00000, 0x0000000087a00000| Untracked 
| 123|0x0000000087b00000, 0x0000000087b00000, 0x0000000087c00000|  0%| F|  |TAMS 0x0000000087b00000, 0x0000000087b00000| Untracked 
| 124|0x0000000087c00000, 0x0000000087c00000, 0x0000000087d00000|  0%| F|  |TAMS 0x0000000087c00000, 0x0000000087c00000| Untracked 
| 125|0x0000000087d00000, 0x0000000087d00000, 0x0000000087e00000|  0%| F|  |TAMS 0x0000000087d00000, 0x0000000087d00000| Untracked 
| 126|0x0000000087e00000, 0x0000000087e00000, 0x0000000087f00000|  0%| F|  |TAMS 0x0000000087e00000, 0x0000000087e00000| Untracked 
| 127|0x0000000087f00000, 0x0000000087f00000, 0x0000000088000000|  0%| F|  |TAMS 0x0000000087f00000, 0x0000000087f00000| Untracked 
| 128|0x0000000088000000, 0x0000000088000000, 0x0000000088100000|  0%| F|  |TAMS 0x0000000088000000, 0x0000000088000000| Untracked 
| 129|0x0000000088100000, 0x0000000088100000, 0x0000000088200000|  0%| F|  |TAMS 0x0000000088100000, 0x0000000088100000| Untracked 
| 130|0x0000000088200000, 0x0000000088200000, 0x0000000088300000|  0%| F|  |TAMS 0x0000000088200000, 0x0000000088200000| Untracked 
| 131|0x0000000088300000, 0x0000000088300000, 0x0000000088400000|  0%| F|  |TAMS 0x0000000088300000, 0x0000000088300000| Untracked 
| 132|0x0000000088400000, 0x0000000088400000, 0x0000000088500000|  0%| F|  |TAMS 0x0000000088400000, 0x0000000088400000| Untracked 
| 133|0x0000000088500000, 0x00000000885522e8, 0x0000000088600000| 32%| E|  |TAMS 0x0000000088500000, 0x0000000088500000| Complete 
| 134|0x0000000088600000, 0x0000000088700000, 0x0000000088700000|100%| E|CS|TAMS 0x0000000088600000, 0x0000000088600000| Complete 
| 135|0x0000000088700000, 0x0000000088800000, 0x0000000088800000|100%| E|CS|TAMS 0x0000000088700000, 0x0000000088700000| Complete 
| 136|0x0000000088800000, 0x0000000088900000, 0x0000000088900000|100%| E|CS|TAMS 0x0000000088800000, 0x0000000088800000| Complete 
| 137|0x0000000088900000, 0x0000000088a00000, 0x0000000088a00000|100%| E|CS|TAMS 0x0000000088900000, 0x0000000088900000| Complete 
| 138|0x0000000088a00000, 0x0000000088b00000, 0x0000000088b00000|100%| E|CS|TAMS 0x0000000088a00000, 0x0000000088a00000| Complete 
| 139|0x0000000088b00000, 0x0000000088c00000, 0x0000000088c00000|100%| E|CS|TAMS 0x0000000088b00000, 0x0000000088b00000| Complete 
| 140|0x0000000088c00000, 0x0000000088d00000, 0x0000000088d00000|100%| E|CS|TAMS 0x0000000088c00000, 0x0000000088c00000| Complete 
| 141|0x0000000088d00000, 0x0000000088e00000, 0x0000000088e00000|100%| E|CS|TAMS 0x0000000088d00000, 0x0000000088d00000| Complete 
| 142|0x0000000088e00000, 0x0000000088f00000, 0x0000000088f00000|100%| E|CS|TAMS 0x0000000088e00000, 0x0000000088e00000| Complete 
| 143|0x0000000088f00000, 0x0000000089000000, 0x0000000089000000|100%| E|CS|TAMS 0x0000000088f00000, 0x0000000088f00000| Complete 
| 245|0x000000008f500000, 0x000000008f600000, 0x000000008f600000|100%| E|CS|TAMS 0x000000008f500000, 0x000000008f500000| Complete 

Card table byte_map: [0x00000294448e0000,0x0000029444ce0000] _byte_map_base: 0x00000294444e0000

Marking Bits (Prev, Next): (CMBitMap*) 0x000002942d4493e0, (CMBitMap*) 0x000002942d449420
 Prev Bits: [0x00000294450e0000, 0x00000294470e0000)
 Next Bits: [0x00000294470e0000, 0x00000294490e0000)

Polling page: 0x000002942b240000

Metaspace:

Usage:
  Non-class:     55.81 MB used.
      Class:      9.19 MB used.
       Both:     65.00 MB used.

Virtual space:
  Non-class space:       64.00 MB reserved,      56.19 MB ( 88%) committed,  8 nodes.
      Class space:      412.00 MB reserved,       9.50 MB (  2%) committed,  1 nodes.
             Both:      476.00 MB reserved,      65.69 MB ( 14%) committed. 

Chunk freelists:
   Non-Class:  3.41 MB
       Class:  2.44 MB
        Both:  5.84 MB

MaxMetaspaceSize: 512.00 MB
CompressedClassSpaceSize: 412.00 MB
Initial GC threshold: 21.00 MB
Current GC threshold: 91.56 MB
CDS: on
MetaspaceReclaimPolicy: balanced
 - commit_granule_bytes: 65536.
 - commit_granule_words: 8192.
 - virtual_space_node_default_size: 1048576.
 - enlarge_chunks_in_place: 1.
 - new_chunks_are_fully_committed: 0.
 - uncommit_free_chunks: 1.
 - use_allocation_guard: 0.
 - handle_deallocations: 1.


Internal statistics:

num_allocs_failed_limit: 6.
num_arena_births: 856.
num_arena_deaths: 0.
num_vsnodes_births: 9.
num_vsnodes_deaths: 0.
num_space_committed: 1051.
num_space_uncommitted: 0.
num_chunks_returned_to_freelist: 6.
num_chunks_taken_from_freelist: 3663.
num_chunk_merges: 6.
num_chunk_splits: 2407.
num_chunks_enlarged: 1546.
num_purges: 0.
num_inconsistent_stats: 0.

CodeHeap 'non-profiled nmethods': size=119168Kb used=4643Kb max_used=4643Kb free=114525Kb
 bounds [0x000002943c7f0000, 0x000002943cc80000, 0x0000029443c50000]
CodeHeap 'profiled nmethods': size=119104Kb used=16832Kb max_used=16832Kb free=102271Kb
 bounds [0x00000294353a0000, 0x0000029436420000, 0x000002943c7f0000]
CodeHeap 'non-nmethods': size=7488Kb used=4053Kb max_used=4100Kb free=3434Kb
 bounds [0x0000029434c50000, 0x0000029435060000, 0x00000294353a0000]
 total_blobs=9313 nmethods=8423 adapters=799
 compilation: enabled
              stopped_count=0, restarted_count=0
 full_count=0

Compilation events (20 events):
Event: 36.014 Thread 0x000002944cc4e4c0 nmethod 9121 0x0000029436408690 code [0x0000029436408d20, 0x000002943640b2a8]
Event: 36.014 Thread 0x000002944fc7e0a0 nmethod 9125 0x000002943640c590 code [0x000002943640c7a0, 0x000002943640cfe8]
Event: 36.017 Thread 0x000002944fc7e0a0 9126       1       org.gradle.launcher.daemon.server.exec.LogToClient::access$100 (5 bytes)
Event: 36.018 Thread 0x000002944fc7e0a0 nmethod 9126 0x000002943cc78010 code [0x000002943cc781a0, 0x000002943cc78258]
Event: 36.022 Thread 0x000002944fc7e0a0 9127       3       java.util.IdentityHashMap::put (137 bytes)
Event: 36.022 Thread 0x000002944fc7e0a0 nmethod 9127 0x000002943640d110 code [0x000002943640d340, 0x000002943640de18]
Event: 36.023 Thread 0x000002944fc7e0a0 9128       1       java.util.concurrent.atomic.AtomicReference::set (6 bytes)
Event: 36.023 Thread 0x000002944fc7e0a0 nmethod 9128 0x000002943cc78310 code [0x000002943cc784a0, 0x000002943cc785b8]
Event: 36.023 Thread 0x000002944cc4e4c0 9129   !   3       org.gradle.internal.resources.DefaultResourceLockCoordinationService::getCurrent (33 bytes)
Event: 36.023 Thread 0x000002944cc4e4c0 nmethod 9129 0x000002943640e190 code [0x000002943640e340, 0x000002943640e5f8]
Event: 36.023 Thread 0x000002944cc4e4c0 9130       1       org.gradle.internal.resources.AbstractResourceLockRegistry$ThreadLockDetails::access$100 (5 bytes)
Event: 36.024 Thread 0x000002944cc4e4c0 nmethod 9130 0x000002943cc78610 code [0x000002943cc787a0, 0x000002943cc78858]
Event: 36.024 Thread 0x000002944cc4e4c0 9131       3       org.gradle.internal.resources.AbstractResourceLockRegistry::detailsForCurrentThread (54 bytes)
Event: 36.024 Thread 0x00000294550b6860 9132       1       java.lang.Thread::getName (5 bytes)
Event: 36.024 Thread 0x00000294550b6860 nmethod 9132 0x000002943cc78910 code [0x000002943cc78aa0, 0x000002943cc78b78]
Event: 36.024 Thread 0x000002944cc4e4c0 nmethod 9131 0x000002943640e710 code [0x000002943640e940, 0x000002943640f2b8]
Event: 36.034 Thread 0x000002944cc4e4c0 9133       3       java.util.HashMap$HashIterator::<init> (79 bytes)
Event: 36.035 Thread 0x000002944cc4e4c0 nmethod 9133 0x000002943640f590 code [0x000002943640f740, 0x000002943640fb78]
Event: 36.051 Thread 0x000002944cc4e4c0 9134       3       sun.nio.ch.FileChannelImpl::ensureOpen (16 bytes)
Event: 36.051 Thread 0x000002944cc4e4c0 nmethod 9134 0x000002943640fd10 code [0x000002943640fec0, 0x00000294364101a8]

GC Heap History (20 events):
Event: 31.479 GC heap before
{Heap before GC invocations=16 (full 0):
 garbage-first heap   total 81920K, used 60443K [0x0000000080000000, 0x0000000100000000)
  region size 1024K, 20 young (20480K), 2 survivors (2048K)
 Metaspace       used 48315K, committed 48960K, reserved 471040K
  class space    used 6820K, committed 7104K, reserved 421888K
}
Event: 31.482 GC heap after
{Heap after GC invocations=17 (full 0):
 garbage-first heap   total 98304K, used 42988K [0x0000000080000000, 0x0000000100000000)
  region size 1024K, 3 young (3072K), 3 survivors (3072K)
 Metaspace       used 48315K, committed 48960K, reserved 471040K
  class space    used 6820K, committed 7104K, reserved 421888K
}
Event: 31.531 GC heap before
{Heap before GC invocations=17 (full 0):
 garbage-first heap   total 98304K, used 47084K [0x0000000080000000, 0x0000000100000000)
  region size 1024K, 7 young (7168K), 3 survivors (3072K)
 Metaspace       used 48383K, committed 48960K, reserved 471040K
  class space    used 6820K, committed 7104K, reserved 421888K
}
Event: 31.533 GC heap after
{Heap after GC invocations=18 (full 0):
 garbage-first heap   total 98304K, used 46213K [0x0000000080000000, 0x0000000100000000)
  region size 1024K, 2 young (2048K), 2 survivors (2048K)
 Metaspace       used 48383K, committed 48960K, reserved 471040K
  class space    used 6820K, committed 7104K, reserved 421888K
}
Event: 31.992 GC heap before
{Heap before GC invocations=19 (full 0):
 garbage-first heap   total 98304K, used 69765K [0x0000000080000000, 0x0000000100000000)
  region size 1024K, 24 young (24576K), 2 survivors (2048K)
 Metaspace       used 50888K, committed 51520K, reserved 471040K
  class space    used 7173K, committed 7488K, reserved 421888K
}
Event: 31.994 GC heap after
{Heap after GC invocations=20 (full 0):
 garbage-first heap   total 98304K, used 49655K [0x0000000080000000, 0x0000000100000000)
  region size 1024K, 3 young (3072K), 3 survivors (3072K)
 Metaspace       used 50888K, committed 51520K, reserved 471040K
  class space    used 7173K, committed 7488K, reserved 421888K
}
Event: 32.385 GC heap before
{Heap before GC invocations=21 (full 0):
 garbage-first heap   total 101376K, used 81399K [0x0000000080000000, 0x0000000100000000)
  region size 1024K, 26 young (26624K), 3 survivors (3072K)
 Metaspace       used 52726K, committed 53376K, reserved 471040K
  class space    used 7438K, committed 7744K, reserved 421888K
}
Event: 32.387 GC heap after
{Heap after GC invocations=22 (full 0):
 garbage-first heap   total 101376K, used 59614K [0x0000000080000000, 0x0000000100000000)
  region size 1024K, 4 young (4096K), 4 survivors (4096K)
 Metaspace       used 52726K, committed 53376K, reserved 471040K
  class space    used 7438K, committed 7744K, reserved 421888K
}
Event: 32.402 GC heap before
{Heap before GC invocations=22 (full 0):
 garbage-first heap   total 101376K, used 60638K [0x0000000080000000, 0x0000000100000000)
  region size 1024K, 5 young (5120K), 4 survivors (4096K)
 Metaspace       used 52861K, committed 53504K, reserved 471040K
  class space    used 7455K, committed 7744K, reserved 421888K
}
Event: 32.404 GC heap after
{Heap after GC invocations=23 (full 0):
 garbage-first heap   total 101376K, used 58959K [0x0000000080000000, 0x0000000100000000)
  region size 1024K, 1 young (1024K), 1 survivors (1024K)
 Metaspace       used 52861K, committed 53504K, reserved 471040K
  class space    used 7455K, committed 7744K, reserved 421888K
}
Event: 32.610 GC heap before
{Heap before GC invocations=23 (full 0):
 garbage-first heap   total 101376K, used 80463K [0x0000000080000000, 0x0000000100000000)
  region size 1024K, 22 young (22528K), 1 survivors (1024K)
 Metaspace       used 55431K, committed 56064K, reserved 471040K
  class space    used 7779K, committed 8064K, reserved 421888K
}
Event: 32.613 GC heap after
{Heap after GC invocations=24 (full 0):
 garbage-first heap   total 101376K, used 59601K [0x0000000080000000, 0x0000000100000000)
  region size 1024K, 1 young (1024K), 1 survivors (1024K)
 Metaspace       used 55431K, committed 56064K, reserved 471040K
  class space    used 7779K, committed 8064K, reserved 421888K
}
Event: 32.940 GC heap before
{Heap before GC invocations=25 (full 0):
 garbage-first heap   total 104448K, used 81105K [0x0000000080000000, 0x0000000100000000)
  region size 1024K, 22 young (22528K), 1 survivors (1024K)
 Metaspace       used 57333K, committed 57984K, reserved 479232K
  class space    used 8087K, committed 8384K, reserved 421888K
}
Event: 32.942 GC heap after
{Heap after GC invocations=26 (full 0):
 garbage-first heap   total 148480K, used 61055K [0x0000000080000000, 0x0000000100000000)
  region size 1024K, 3 young (3072K), 3 survivors (3072K)
 Metaspace       used 57333K, committed 57984K, reserved 479232K
  class space    used 8087K, committed 8384K, reserved 421888K
}
Event: 33.527 GC heap before
{Heap before GC invocations=26 (full 0):
 garbage-first heap   total 148480K, used 107135K [0x0000000080000000, 0x0000000100000000)
  region size 1024K, 48 young (49152K), 3 survivors (3072K)
 Metaspace       used 60708K, committed 61376K, reserved 479232K
  class space    used 8578K, committed 8896K, reserved 421888K
}
Event: 33.530 GC heap after
{Heap after GC invocations=27 (full 0):
 garbage-first heap   total 148480K, used 62369K [0x0000000080000000, 0x0000000100000000)
  region size 1024K, 4 young (4096K), 4 survivors (4096K)
 Metaspace       used 60708K, committed 61376K, reserved 479232K
  class space    used 8578K, committed 8896K, reserved 421888K
}
Event: 34.217 GC heap before
{Heap before GC invocations=27 (full 0):
 garbage-first heap   total 148480K, used 109473K [0x0000000080000000, 0x0000000100000000)
  region size 1024K, 51 young (52224K), 4 survivors (4096K)
 Metaspace       used 63054K, committed 63680K, reserved 479232K
  class space    used 8912K, committed 9216K, reserved 421888K
}
Event: 34.221 GC heap after
{Heap after GC invocations=28 (full 0):
 garbage-first heap   total 148480K, used 67204K [0x0000000080000000, 0x0000000100000000)
  region size 1024K, 7 young (7168K), 7 survivors (7168K)
 Metaspace       used 63054K, committed 63680K, reserved 479232K
  class space    used 8912K, committed 9216K, reserved 421888K
}
Event: 35.893 GC heap before
{Heap before GC invocations=28 (full 0):
 garbage-first heap   total 148480K, used 112260K [0x0000000080000000, 0x0000000100000000)
  region size 1024K, 51 young (52224K), 7 survivors (7168K)
 Metaspace       used 65758K, committed 66432K, reserved 479232K
  class space    used 9284K, committed 9600K, reserved 421888K
}
Event: 35.899 GC heap after
{Heap after GC invocations=29 (full 0):
 garbage-first heap   total 148480K, used 71481K [0x0000000080000000, 0x0000000100000000)
  region size 1024K, 5 young (5120K), 5 survivors (5120K)
 Metaspace       used 65758K, committed 66432K, reserved 479232K
  class space    used 9284K, committed 9600K, reserved 421888K
}

Deoptimization events (20 events):
Event: 35.969 Thread 0x000002944f643350 Uncommon trap: trap_request=0xffffffc6 fr.pc=0x000002943c8574dc relative=0x000000000000255c
Event: 35.969 Thread 0x000002944f643350 Uncommon trap: reason=bimorphic_or_optimized_type_check action=maybe_recompile pc=0x000002943c8574dc method=java.util.HashMap.putVal(ILjava/lang/Object;Ljava/lang/Object;ZZ)Ljava/lang/Object; @ 91 c2
Event: 35.969 Thread 0x000002944f643350 DEOPT PACKING pc=0x000002943c8574dc sp=0x000000a71c9f5b80
Event: 35.969 Thread 0x000002944f643350 DEOPT UNPACKING pc=0x0000029434ca23a3 sp=0x000000a71c9f5a48 mode 2
Event: 35.978 Thread 0x000002944f643350 Uncommon trap: trap_request=0xffffffd6 fr.pc=0x000002943cc6ef70 relative=0x00000000000008b0
Event: 35.978 Thread 0x000002944f643350 Uncommon trap: reason=array_check action=maybe_recompile pc=0x000002943cc6ef70 method=java.util.TimSort.binarySort([Ljava/lang/Object;IIILjava/util/Comparator;)V @ 183 c2
Event: 35.979 Thread 0x000002944f643350 DEOPT PACKING pc=0x000002943cc6ef70 sp=0x000000a71c9f6c10
Event: 35.979 Thread 0x000002944f643350 DEOPT UNPACKING pc=0x0000029434ca23a3 sp=0x000000a71c9f6ba8 mode 2
Event: 35.985 Thread 0x000002944f643350 Uncommon trap: trap_request=0xffffffd6 fr.pc=0x000002943cc6ef70 relative=0x00000000000008b0
Event: 35.985 Thread 0x000002944f643350 Uncommon trap: reason=array_check action=maybe_recompile pc=0x000002943cc6ef70 method=java.util.TimSort.binarySort([Ljava/lang/Object;IIILjava/util/Comparator;)V @ 183 c2
Event: 35.985 Thread 0x000002944f643350 DEOPT PACKING pc=0x000002943cc6ef70 sp=0x000000a71c9f6f20
Event: 35.985 Thread 0x000002944f643350 DEOPT UNPACKING pc=0x0000029434ca23a3 sp=0x000000a71c9f6eb8 mode 2
Event: 36.023 Thread 0x000002944ce706a0 Uncommon trap: trap_request=0xffffff45 fr.pc=0x000002943c9eb5c8 relative=0x0000000000000608
Event: 36.023 Thread 0x000002944ce706a0 Uncommon trap: reason=unstable_if action=reinterpret pc=0x000002943c9eb5c8 method=java.util.HashMap$HashIterator.<init>(Ljava/util/HashMap;)V @ 45 c2
Event: 36.023 Thread 0x000002944ce706a0 DEOPT PACKING pc=0x000002943c9eb5c8 sp=0x000000a7220fef30
Event: 36.023 Thread 0x000002944ce706a0 DEOPT UNPACKING pc=0x0000029434ca23a3 sp=0x000000a7220fedc0 mode 2
Event: 36.023 Thread 0x000002944ce70b70 Uncommon trap: trap_request=0xffffff45 fr.pc=0x000002943c94cd5c relative=0x000000000000033c
Event: 36.023 Thread 0x000002944ce70b70 Uncommon trap: reason=unstable_if action=reinterpret pc=0x000002943c94cd5c method=java.util.HashMap$HashIterator.<init>(Ljava/util/HashMap;)V @ 45 c2
Event: 36.023 Thread 0x000002944ce70b70 DEOPT PACKING pc=0x000002943c94cd5c sp=0x000000a721efeed0
Event: 36.023 Thread 0x000002944ce70b70 DEOPT UNPACKING pc=0x0000029434ca23a3 sp=0x000000a721efee88 mode 2

Classes unloaded (0 events):
No events

Classes redefined (0 events):
No events

Internal exceptions (20 events):
Event: 34.227 Thread 0x000002944f643350 Exception <a 'java/lang/ClassNotFoundException'{0x0000000088fffbf0}: org/gradle/api/internal/DefaultNamedDomainObjectCollectionBeanInfo> (0x0000000088fffbf0) 
thrown [s\open\src\hotspot\share\classfile\systemDictionary.cpp, line 256]
Event: 34.227 Thread 0x000002944f643350 Exception <a 'java/lang/ClassNotFoundException'{0x0000000088e14538}: org/gradle/api/internal/DefaultDomainObjectCollectionBeanInfo> (0x0000000088e14538) 
thrown [s\open\src\hotspot\share\classfile\systemDictionary.cpp, line 256]
Event: 34.228 Thread 0x000002944f643350 Exception <a 'java/lang/ClassNotFoundException'{0x0000000088e28500}: org/gradle/api/internal/DefaultDomainObjectCollectionCustomizer> (0x0000000088e28500) 
thrown [s\open\src\hotspot\share\classfile\systemDictionary.cpp, line 256]
Event: 34.229 Thread 0x000002944f643350 Exception <a 'java/lang/ClassNotFoundException'{0x0000000088e5a658}: org/gradle/api/internal/DefaultNamedDomainObjectCollectionCustomizer> (0x0000000088e5a658) 
thrown [s\open\src\hotspot\share\classfile\systemDictionary.cpp, line 256]
Event: 34.231 Thread 0x000002944f643350 Exception <a 'java/lang/ClassNotFoundException'{0x0000000088e97760}: org/gradle/api/internal/DefaultNamedDomainObjectListCustomizer> (0x0000000088e97760) 
thrown [s\open\src\hotspot\share\classfile\systemDictionary.cpp, line 256]
Event: 34.233 Thread 0x000002944f643350 Exception <a 'java/lang/ClassNotFoundException'{0x0000000088ecb970}: org/gradle/api/internal/artifacts/DefaultArtifactRepositoryContainerCustomizer> (0x0000000088ecb970) 
thrown [s\open\src\hotspot\share\classfile\systemDictionary.cpp, line 256]
Event: 34.235 Thread 0x000002944f643350 Exception <a 'java/lang/ClassNotFoundException'{0x0000000088ef5520}: org/gradle/api/internal/artifacts/dsl/DefaultRepositoryHandlerCustomizer> (0x0000000088ef5520) 
thrown [s\open\src\hotspot\share\classfile\systemDictionary.cpp, line 256]
Event: 34.237 Thread 0x000002944f643350 Exception <a 'java/lang/ClassNotFoundException'{0x0000000088d2ce30}: org/gradle/api/internal/artifacts/dsl/DefaultRepositoryHandler_DecoratedCustomizer> (0x0000000088d2ce30) 
thrown [s\open\src\hotspot\share\classfile\systemDictionary.cpp, line 256]
Event: 34.243 Thread 0x000002944f643350 Implicit null exception at 0x000002943ca4bb92 to 0x000002943ca4c278
Event: 34.243 Thread 0x000002944f643350 Implicit null exception at 0x000002943ca49a14 to 0x000002943ca4a0d8
Event: 34.246 Thread 0x000002944f643350 Exception <a 'java/lang/ClassNotFoundException'{0x0000000088dd2770}: org/gradle/api/internal/artifacts/dsl/dependencies/DefaultDependencyHandler_DecoratedBeanInfo> (0x0000000088dd2770) 
thrown [s\open\src\hotspot\share\classfile\systemDictionary.cpp, line 256]
Event: 34.247 Thread 0x000002944f643350 Exception <a 'java/lang/ClassNotFoundException'{0x0000000088de9ce8}: org/gradle/api/internal/artifacts/dsl/dependencies/DefaultDependencyHandlerBeanInfo> (0x0000000088de9ce8) 
thrown [s\open\src\hotspot\share\classfile\systemDictionary.cpp, line 256]
Event: 34.249 Thread 0x000002944f643350 Exception <a 'java/lang/ClassNotFoundException'{0x0000000088c009c8}: org/gradle/api/internal/artifacts/dsl/dependencies/DefaultDependencyHandlerCustomizer> (0x0000000088c009c8) 
thrown [s\open\src\hotspot\share\classfile\systemDictionary.cpp, line 256]
Event: 34.250 Thread 0x000002944f643350 Exception <a 'java/lang/ClassNotFoundException'{0x0000000088c3f1a8}: org/gradle/api/internal/artifacts/dsl/dependencies/DefaultDependencyHandler_DecoratedCustomizer> (0x0000000088c3f1a8) 
thrown [s\open\src\hotspot\share\classfile\systemDictionary.cpp, line 256]
Event: 35.025 Thread 0x000002944f643350 Exception <a 'java/lang/NoSuchMethodError'{0x0000000086830a60}: 'java.lang.Object java.lang.invoke.DirectMethodHandle$Holder.newInvokeSpecial(java.lang.Object, java.lang.Object, java.lang.Object, java.lang.Object, java.lang.Object, java.lang.Object, int)'> (0x0000000086830a60) 
thrown [s\open\src\hotspot\share\interpreter\linkResolver.cpp, line 759]
Event: 35.025 Thread 0x000002944f643350 Exception <a 'java/lang/NoSuchMethodError'{0x0000000086836a48}: 'java.lang.Object java.lang.invoke.DirectMethodHandle$Holder.invokeSpecial(java.lang.Object, java.lang.Object, java.lang.Object, java.lang.Object, java.lang.Object, java.lang.Object, java.lang.Object, int)'> (0x0000000086836a48) 
thrown [s\open\src\hotspot\share\interpreter\linkResolver.cpp, line 759]
Event: 35.025 Thread 0x000002944f643350 Exception <a 'java/lang/NoSuchMethodError'{0x000000008683c618}: 'java.lang.Object java.lang.invoke.Invokers$Holder.linkToTargetMethod(java.lang.Object, java.lang.Object, java.lang.Object, java.lang.Object, java.lang.Object, int, java.lang.Object)'> (0x000000008683c618) 
thrown [s\open\src\hotspot\share\interpreter\linkResolver.cpp, line 759]
Event: 35.031 Thread 0x000002944da18870 Implicit null exception at 0x000002943cac28dd to 0x000002943cac2a30
Event: 35.031 Thread 0x000002944da18870 Implicit null exception at 0x000002943cc45d1e to 0x000002943cc46480
Event: 35.036 Thread 0x000002944da17060 Implicit null exception at 0x000002943ca2134b to 0x000002943ca21370

VM Operations (20 events):
Event: 33.527 Executing VM operation: G1CollectForAllocation
Event: 33.530 Executing VM operation: G1CollectForAllocation done
Event: 33.750 Executing VM operation: HandshakeAllThreads
Event: 33.750 Executing VM operation: HandshakeAllThreads done
Event: 33.934 Executing VM operation: ICBufferFull
Event: 33.934 Executing VM operation: ICBufferFull done
Event: 34.217 Executing VM operation: G1CollectForAllocation
Event: 34.221 Executing VM operation: G1CollectForAllocation done
Event: 34.305 Executing VM operation: HandshakeAllThreads
Event: 34.305 Executing VM operation: HandshakeAllThreads done
Event: 34.520 Executing VM operation: ICBufferFull
Event: 34.520 Executing VM operation: ICBufferFull done
Event: 34.823 Executing VM operation: ICBufferFull
Event: 34.823 Executing VM operation: ICBufferFull done
Event: 35.176 Executing VM operation: HandshakeAllThreads
Event: 35.176 Executing VM operation: HandshakeAllThreads done
Event: 35.892 Executing VM operation: G1CollectForAllocation
Event: 35.899 Executing VM operation: G1CollectForAllocation done
Event: 35.971 Executing VM operation: ICBufferFull
Event: 35.972 Executing VM operation: ICBufferFull done

Events (20 events):
Event: 35.917 Thread 0x00000294551db010 Thread added: 0x00000294551db010
Event: 35.929 loading class sun/reflect/annotation/AnnotationInvocationHandler$1
Event: 35.930 loading class sun/reflect/annotation/AnnotationInvocationHandler$1 done
Event: 36.016 Thread 0x0000029454e71170 Thread added: 0x0000029454e71170
Event: 36.020 Thread 0x00000294504ba1d0 Thread added: 0x00000294504ba1d0
Event: 36.020 Thread 0x00000294504b9830 Thread added: 0x00000294504b9830
Event: 36.020 Thread 0x00000294504ba6a0 Thread added: 0x00000294504ba6a0
Event: 36.020 Thread 0x00000294504b8e90 Thread added: 0x00000294504b8e90
Event: 36.020 Thread 0x00000294504b9360 Thread added: 0x00000294504b9360
Event: 36.020 Thread 0x000002944ce701d0 Thread added: 0x000002944ce701d0
Event: 36.020 Thread 0x000002944ce6e020 Thread added: 0x000002944ce6e020
Event: 36.020 Thread 0x000002944ce70b70 Thread added: 0x000002944ce70b70
Event: 36.020 Thread 0x000002944ce6e4f0 Thread added: 0x000002944ce6e4f0
Event: 36.021 Thread 0x000002944ce706a0 Thread added: 0x000002944ce706a0
Event: 36.021 Thread 0x000002944ce6d1b0 Thread added: 0x000002944ce6d1b0
Event: 36.021 Thread 0x000002944ce6fd00 Thread added: 0x000002944ce6fd00
Event: 36.021 Thread 0x000002944ce6f830 Thread added: 0x000002944ce6f830
Event: 36.021 Thread 0x000002944ce6d680 Thread added: 0x000002944ce6d680
Event: 36.021 Thread 0x000002944ce6f360 Thread added: 0x000002944ce6f360
Event: 36.046 Thread 0x0000029452498870 Thread added: 0x0000029452498870


Dynamic libraries:
0x00007ff60e840000 - 0x00007ff60e850000 	C:\Program Files\Java\jdk-17.0.5\bin\java.exe
0x00007ffadb2f0000 - 0x00007ffadb507000 	C:\WINDOWS\SYSTEM32\ntdll.dll
0x00007ffada870000 - 0x00007ffada934000 	C:\WINDOWS\System32\KERNEL32.DLL
0x00007ffad8a10000 - 0x00007ffad8db7000 	C:\WINDOWS\System32\KERNELBASE.dll
0x00007ffad8700000 - 0x00007ffad8811000 	C:\WINDOWS\System32\ucrtbase.dll
0x00007ffa30a60000 - 0x00007ffa30a78000 	C:\Program Files\Java\jdk-17.0.5\bin\jli.dll
0x00007ffa36000000 - 0x00007ffa3601a000 	C:\Program Files\Java\jdk-17.0.5\bin\VCRUNTIME140.dll
0x00007ffadad50000 - 0x00007ffadae02000 	C:\WINDOWS\System32\ADVAPI32.dll
0x00007ffad9160000 - 0x00007ffad9207000 	C:\WINDOWS\System32\msvcrt.dll
0x00007ffadaa30000 - 0x00007ffadaad8000 	C:\WINDOWS\System32\sechost.dll
0x00007ffad8dc0000 - 0x00007ffad8de8000 	C:\WINDOWS\System32\bcrypt.dll
0x00007ffadaae0000 - 0x00007ffadabf5000 	C:\WINDOWS\System32\RPCRT4.dll
0x00007ffad9a70000 - 0x00007ffad9c1e000 	C:\WINDOWS\System32\USER32.dll
0x00007ffad89e0000 - 0x00007ffad8a06000 	C:\WINDOWS\System32\win32u.dll
0x00007ffab5c70000 - 0x00007ffab5f03000 	C:\WINDOWS\WinSxS\amd64_microsoft.windows.common-controls_6595b64144ccf1df_6.0.22621.3527_none_270e469b73872a76\COMCTL32.dll
0x00007ffad9210000 - 0x00007ffad9239000 	C:\WINDOWS\System32\GDI32.dll
0x00007ffad8820000 - 0x00007ffad8939000 	C:\WINDOWS\System32\gdi32full.dll
0x00007ffad8940000 - 0x00007ffad89da000 	C:\WINDOWS\System32\msvcp_win.dll
0x00007ffad60e0000 - 0x00007ffad60ea000 	C:\WINDOWS\SYSTEM32\VERSION.dll
0x00007ffad92f0000 - 0x00007ffad9321000 	C:\WINDOWS\System32\IMM32.DLL
0x00007ffa931f0000 - 0x00007ffa931fc000 	C:\Program Files\Java\jdk-17.0.5\bin\vcruntime140_1.dll
0x00007ffa30100000 - 0x00007ffa3018d000 	C:\Program Files\Java\jdk-17.0.5\bin\msvcp140.dll
0x00007ffa1aa90000 - 0x00007ffa1b652000 	C:\Program Files\Java\jdk-17.0.5\bin\server\jvm.dll
0x00007ffada000000 - 0x00007ffada008000 	C:\WINDOWS\System32\PSAPI.DLL
0x00007ffacd7d0000 - 0x00007ffacd804000 	C:\WINDOWS\SYSTEM32\WINMM.dll
0x00007ffac4840000 - 0x00007ffac4849000 	C:\WINDOWS\SYSTEM32\WSOCK32.dll
0x00007ffad9dc0000 - 0x00007ffad9e31000 	C:\WINDOWS\System32\WS2_32.dll
0x00007ffad7630000 - 0x00007ffad7648000 	C:\WINDOWS\SYSTEM32\kernel.appcore.dll
0x00007ffa710e0000 - 0x00007ffa710ea000 	C:\Program Files\Java\jdk-17.0.5\bin\jimage.dll
0x00007ffacdc20000 - 0x00007ffacde52000 	C:\WINDOWS\SYSTEM32\DBGHELP.DLL
0x00007ffad9350000 - 0x00007ffad96d8000 	C:\WINDOWS\System32\combase.dll
0x00007ffada950000 - 0x00007ffadaa27000 	C:\WINDOWS\System32\OLEAUT32.dll
0x00007ffac1210000 - 0x00007ffac1242000 	C:\WINDOWS\SYSTEM32\dbgcore.DLL
0x00007ffad8610000 - 0x00007ffad8689000 	C:\WINDOWS\System32\bcryptPrimitives.dll
0x00007ffa71090000 - 0x00007ffa7109e000 	C:\Program Files\Java\jdk-17.0.5\bin\instrument.dll
0x00007ffa300d0000 - 0x00007ffa300f5000 	C:\Program Files\Java\jdk-17.0.5\bin\java.dll
0x00007ffa2e7e0000 - 0x00007ffa2e8b6000 	C:\Program Files\Java\jdk-17.0.5\bin\jsvml.dll
0x00007ffada010000 - 0x00007ffada86c000 	C:\WINDOWS\System32\SHELL32.dll
0x00007ffad6500000 - 0x00007ffad6df6000 	C:\WINDOWS\SYSTEM32\windows.storage.dll
0x00007ffad63c0000 - 0x00007ffad64fe000 	C:\WINDOWS\SYSTEM32\wintypes.dll
0x00007ffadac00000 - 0x00007ffadacf5000 	C:\WINDOWS\System32\SHCORE.dll
0x00007ffad9020000 - 0x00007ffad907e000 	C:\WINDOWS\System32\shlwapi.dll
0x00007ffad8540000 - 0x00007ffad8561000 	C:\WINDOWS\SYSTEM32\profapi.dll
0x00007ffa2f210000 - 0x00007ffa2f228000 	C:\Program Files\Java\jdk-17.0.5\bin\zip.dll
0x00007ffa2f080000 - 0x00007ffa2f099000 	C:\Program Files\Java\jdk-17.0.5\bin\net.dll
0x00007ffad21c0000 - 0x00007ffad22f6000 	C:\WINDOWS\SYSTEM32\WINHTTP.dll
0x00007ffad7aa0000 - 0x00007ffad7b09000 	C:\WINDOWS\system32\mswsock.dll
0x00007ffa2f060000 - 0x00007ffa2f076000 	C:\Program Files\Java\jdk-17.0.5\bin\nio.dll
0x00007ffa600a0000 - 0x00007ffa600b0000 	C:\Program Files\Java\jdk-17.0.5\bin\verify.dll
0x00007ffa30a80000 - 0x00007ffa30aa7000 	C:\Users\THANH NHUT\.gradle\native\c067742578af261105cb4f569cf0c3c89f3d7b1fecec35dd04571415982c5e48\windows-amd64\native-platform.dll
0x00007ffa17d10000 - 0x00007ffa17e54000 	C:\Users\THANH NHUT\.gradle\native\38dada09dfb8b06ba9b0570ebf7e218e3eb74d4ef43ca46872605cf95ebc2f47\windows-amd64\native-platform-file-events.dll
0x00007ffa5f580000 - 0x00007ffa5f589000 	C:\Program Files\Java\jdk-17.0.5\bin\management.dll
0x00007ffa50c80000 - 0x00007ffa50c8b000 	C:\Program Files\Java\jdk-17.0.5\bin\management_ext.dll
0x00007ffad7d00000 - 0x00007ffad7d1b000 	C:\WINDOWS\SYSTEM32\CRYPTSP.dll
0x00007ffad7590000 - 0x00007ffad75c5000 	C:\WINDOWS\system32\rsaenh.dll
0x00007ffad7ba0000 - 0x00007ffad7bc8000 	C:\WINDOWS\SYSTEM32\USERENV.dll
0x00007ffad7d20000 - 0x00007ffad7d2c000 	C:\WINDOWS\SYSTEM32\CRYPTBASE.dll
0x00007ffad7070000 - 0x00007ffad709d000 	C:\WINDOWS\SYSTEM32\IPHLPAPI.DLL
0x00007ffad9db0000 - 0x00007ffad9db9000 	C:\WINDOWS\System32\NSI.dll
0x00007ffad17a0000 - 0x00007ffad17b9000 	C:\WINDOWS\SYSTEM32\dhcpcsvc6.DLL
0x00007ffad17e0000 - 0x00007ffad17ff000 	C:\WINDOWS\SYSTEM32\dhcpcsvc.DLL
0x00007ffad70a0000 - 0x00007ffad7198000 	C:\WINDOWS\SYSTEM32\DNSAPI.dll
0x00007ffa30a50000 - 0x00007ffa30a5e000 	C:\Program Files\Java\jdk-17.0.5\bin\sunmscapi.dll
0x00007ffad8eb0000 - 0x00007ffad9018000 	C:\WINDOWS\System32\CRYPT32.dll
0x00007ffad7f40000 - 0x00007ffad7f6e000 	C:\WINDOWS\SYSTEM32\ncrypt.dll
0x00007ffad7f00000 - 0x00007ffad7f37000 	C:\WINDOWS\SYSTEM32\NTASN1.dll
0x00007ffa79b60000 - 0x00007ffa79b68000 	C:\WINDOWS\system32\wshunix.dll
0x00007ffab1150000 - 0x00007ffab1167000 	C:\WINDOWS\system32\napinsp.dll
0x00007ffab0a60000 - 0x00007ffab0a7b000 	C:\WINDOWS\system32\pnrpnsp.dll
0x00007ffab0a40000 - 0x00007ffab0a51000 	C:\WINDOWS\System32\winrnr.dll
0x00007ffacf8e0000 - 0x00007ffacf8f5000 	C:\WINDOWS\system32\wshbth.dll
0x00007ffab0a10000 - 0x00007ffab0a37000 	C:\WINDOWS\system32\nlansp_c.dll
0x00007ffacf880000 - 0x00007ffacf88a000 	C:\Windows\System32\rasadhlp.dll
0x00007ffacf770000 - 0x00007ffacf7f3000 	C:\WINDOWS\System32\fwpuclnt.dll

dbghelp: loaded successfully - version: 4.0.5 - missing functions: none
symbol engine: initialized successfully - sym options: 0x614 - pdb path: .;C:\Program Files\Java\jdk-17.0.5\bin;C:\WINDOWS\SYSTEM32;C:\WINDOWS\WinSxS\amd64_microsoft.windows.common-controls_6595b64144ccf1df_6.0.22621.3527_none_270e469b73872a76;C:\Program Files\Java\jdk-17.0.5\bin\server;C:\Users\THANH NHUT\.gradle\native\c067742578af261105cb4f569cf0c3c89f3d7b1fecec35dd04571415982c5e48\windows-amd64;C:\Users\THANH NHUT\.gradle\native\38dada09dfb8b06ba9b0570ebf7e218e3eb74d4ef43ca46872605cf95ebc2f47\windows-amd64

VM Arguments:
jvm_args: -XX:MaxMetaspaceSize=512m --add-opens=java.base/java.util=ALL-UNNAMED --add-opens=java.base/java.lang=ALL-UNNAMED --add-opens=java.base/java.lang.invoke=ALL-UNNAMED --add-opens=java.prefs/java.util.prefs=ALL-UNNAMED --add-opens=java.base/java.nio.charset=ALL-UNNAMED --add-opens=java.base/java.net=ALL-UNNAMED --add-opens=java.base/java.util.concurrent.atomic=ALL-UNNAMED -Xmx2048m -Dfile.encoding=windows-1258 -Duser.country=US -Duser.language=en -Duser.variant -javaagent:C:\Users\THANH NHUT\.gradle\wrapper\dists\gradle-8.6-all\3mbtmo166bl6vumsh5k2lkq5h\gradle-8.6\lib\agents\gradle-instrumentation-agent-8.6.jar 
java_command: org.gradle.launcher.daemon.bootstrap.GradleDaemon 8.6
java_class_path (initial): C:\Users\THANH NHUT\.gradle\wrapper\dists\gradle-8.6-all\3mbtmo166bl6vumsh5k2lkq5h\gradle-8.6\lib\gradle-launcher-8.6.jar
Launcher Type: SUN_STANDARD

[Global flags]
     intx CICompilerCount                          = 12                                        {product} {ergonomic}
   size_t CompressedClassSpaceSize                 = 432013312                                 {product} {ergonomic}
     uint ConcGCThreads                            = 3                                         {product} {ergonomic}
     uint G1ConcRefinementThreads                  = 13                                        {product} {ergonomic}
   size_t G1HeapRegionSize                         = 1048576                                   {product} {ergonomic}
    uintx GCDrainStackTargetSize                   = 64                                        {product} {ergonomic}
   size_t InitialHeapSize                          = 257949696                                 {product} {ergonomic}
   size_t MarkStackSize                            = 4194304                                   {product} {ergonomic}
   size_t MaxHeapSize                              = 2147483648                                {product} {command line}
   size_t MaxMetaspaceSize                         = 536870912                                 {product} {command line}
   size_t MaxNewSize                               = 1287651328                                {product} {ergonomic}
   size_t MinHeapDeltaBytes                        = 1048576                                   {product} {ergonomic}
   size_t MinHeapSize                              = 8388608                                   {product} {ergonomic}
    uintx NonNMethodCodeHeapSize                   = 7602480                                {pd product} {ergonomic}
    uintx NonProfiledCodeHeapSize                  = 122027880                              {pd product} {ergonomic}
    uintx ProfiledCodeHeapSize                     = 122027880                              {pd product} {ergonomic}
    uintx ReservedCodeCacheSize                    = 251658240                              {pd product} {ergonomic}
     bool SegmentedCodeCache                       = true                                      {product} {ergonomic}
   size_t SoftMaxHeapSize                          = 2147483648                             {manageable} {ergonomic}
     bool UseCompressedClassPointers               = true                           {product lp64_product} {ergonomic}
     bool UseCompressedOops                        = true                           {product lp64_product} {ergonomic}
     bool UseG1GC                                  = true                                      {product} {ergonomic}
     bool UseLargePagesIndividualAllocation        = false                                  {pd product} {ergonomic}

Logging:
Log output configuration:
 #0: stdout all=warning uptime,level,tags
 #1: stderr all=off uptime,level,tags

Environment Variables:
JAVA_HOME=C:\Program Files\Microsoft\jdk-11.0.22.7-hotspot\
CLASSPATH=D:\React_Native\DuAn\QuanLyPhongTroPie\android\\gradle\wrapper\gradle-wrapper.jar
PATH=D:\React_Native\DuAn\QuanLyPhongTroPie\node_modules\.bin;D:\React_Native\DuAn\QuanLyPhongTroPie\node_modules\.bin;D:\React_Native\DuAn\node_modules\.bin;D:\React_Native\node_modules\.bin;D:\node_modules\.bin;C:\Program Files\nodejs\node_modules\npm\node_modules\@npmcli\run-script\lib\node-gyp-bin;D:\React_Native\DuAn\QuanLyPhongTroPie\node_modules\.bin;D:\React_Native\DuAn\QuanLyPhongTroPie\node_modules\.bin;D:\React_Native\DuAn\node_modules\.bin;D:\React_Native\node_modules\.bin;D:\node_modules\.bin;C:\Program Files\nodejs\node_modules\npm\node_modules\@npmcli\run-script\lib\node-gyp-bin;C:\Program Files\Java\jdk-17.0.5\bin;C:\Users\THANH NHUT\AppData\Local\Android\Sdk\cmdline-tools\10.0\bin;C:\Program Files\Common Files\Oracle\Java\javapath;C:\WINDOWS\system32;C:\WINDOWS;C:\WINDOWS\System32\Wbem;C:\WINDOWS\System32\WindowsPowerShell\v1.0\;C:\WINDOWS\System32\OpenSSH\;C:\Program Files\Microsoft\Web Platform Installer\;C:\Program Files (x86)\Microsoft ASP.NET\ASP.NET Web Pages\v1.0\;C:\Program Files\Microsoft SQL Server\120\Tools\Binn\;C:\Program Files\Microsoft SQL Server\Client SDK\ODBC\170\Tools\Binn\;C:\Program Files (x86)\Microsoft SQL Server\150\Tools\Binn\;C:\Program Files\Microsoft SQL Server\150\Tools\Binn\;C:\Program Files\Microsoft SQL Server\150\DTS\Binn\;C:\Program Files (x86)\Microsoft SDKs\TypeScript\1.0\;C:\Program Files\dotnet\;C:\Program Files\Microsoft SQL Server\130\Tools\Binn\;C:\Program Files (x86)\Rational\common;C:\Program Files\Git\cmd;D:\JAVA_HOTRO\apache-maven-3.9.3\bin;C:\Program Files (x86)\Microsoft SQL Server\160\Tools\Binn\;C:\Program Files\Microsoft SQL Server\160\Tools\Binn\;C:\Program Files\Microsoft SQL Server\160\DTS\Binn\;C:\Program Files (x86)\Microsoft SQL Server\160\DTS\Binn\;C:\Users\THANH NHUT\AppData\Local\Android\Sdk\tools;C:\Users\THANH NHUT\AppData\Local\Android\Sdk\platform-tools;C:\MinGW\bin;C:\ProgramData\chocolatey\bin;C:\Program Files\nodejs\;C:\Users\THANH NHUT\AppData\Local\Android\Sdk\platform-tools;C:\Users\T
USERNAME=THANH NHUT
LANG=en_US.UTF-8
OS=Windows_NT
PROCESSOR_IDENTIFIER=AMD64 Family 23 Model 104 Stepping 1, AuthenticAMD



---------------  S Y S T E M  ---------------

OS:
 Windows 11 , 64 bit Build 22621 (10.0.22621.3527)
OS uptime: 0 days 0:11 hours
Hyper-V role detected

CPU: total 16 (initial active 16) (16 cores per cpu, 2 threads per core) family 23 model 104 stepping 1 microcode 0x0, cx8, cmov, fxsr, ht, mmx, 3dnowpref, sse, sse2, sse3, ssse3, sse4a, sse4.1, sse4.2, popcnt, lzcnt, tsc, tscinvbit, avx, avx2, aes, clmul, bmi1, bmi2, adx, sha, fma, vzeroupper, clflush, clflushopt, hv

Memory: 4k page, system-wide physical 15733M (6324M free)
TotalPageFile size 21877M (AvailPageFile size 8627M)
current process WorkingSet (physical memory assigned to process): 335M, peak: 367M
current process commit charge ("private bytes"): 399M, peak: 455M

vm_info: Java HotSpot(TM) 64-Bit Server VM (17.0.5+9-LTS-191) for windows-amd64 JRE (17.0.5+9-LTS-191), built on Sep 13 2022 17:31:43 by "mach5one" with MS VC++ 16.8 / 16.9 (VS2019)

END.
